2022-10-16 22:47:15.360  INFO 61728 --- [main] com.aruntech.CustomerServiceApplication  : No active profile set, falling back to default profiles: default
2022-10-16 22:47:16.263  INFO 61728 --- [main] .s.d.r.c.RepositoryConfigurationDelegate : Bootstrapping Spring Data JPA repositories in DEFAULT mode.
2022-10-16 22:47:16.480  INFO 61728 --- [main] .s.d.r.c.RepositoryConfigurationDelegate : Finished Spring Data repository scanning in 192ms. Found 1 JPA repository interfaces.
2022-10-16 22:47:16.853  INFO 61728 --- [main] o.s.cloud.context.scope.GenericScope     : BeanFactory id=0db175ea-235b-3b53-8f7b-1b3108c82cf8
2022-10-16 22:47:17.709  INFO 61728 --- [main] o.s.b.w.embedded.tomcat.TomcatWebServer  : Tomcat initialized with port(s): 9002 (http)
2022-10-16 22:47:17.733  INFO 61728 --- [main] o.apache.catalina.core.StandardService   : Starting service [Tomcat]
2022-10-16 22:47:17.733  INFO 61728 --- [main] org.apache.catalina.core.StandardEngine  : Starting Servlet engine: [Apache Tomcat/9.0.31]
2022-10-16 22:47:18.599  INFO 61728 --- [main] o.a.c.c.C.[Tomcat].[localhost].[/]       : Initializing Spring embedded WebApplicationContext
2022-10-16 22:47:18.600  INFO 61728 --- [main] o.s.web.context.ContextLoader            : Root WebApplicationContext: initialization completed in 3206 ms
2022-10-16 22:47:18.652  INFO 61728 --- [main] com.zaxxer.hikari.HikariDataSource       : HikariPool-1 - Starting...
2022-10-16 22:47:19.434  INFO 61728 --- [main] com.zaxxer.hikari.HikariDataSource       : HikariPool-1 - Start completed.
2022-10-16 22:47:19.454  INFO 61728 --- [main] o.s.b.a.h2.H2ConsoleAutoConfiguration    : H2 console available at '/h2-console'. Database available at 'jdbc:h2:mem:customer'
2022-10-16 22:47:19.986  INFO 61728 --- [main] o.hibernate.jpa.internal.util.LogHelper  : HHH000204: Processing PersistenceUnitInfo [name: default]
2022-10-16 22:47:20.387  INFO 61728 --- [main] org.hibernate.Version                    : HHH000412: Hibernate ORM core version 5.4.12.Final
2022-10-16 22:47:20.814  INFO 61728 --- [main] o.hibernate.annotations.common.Version   : HCANN000001: Hibernate Commons Annotations {5.1.0.Final}
2022-10-16 22:47:21.128  INFO 61728 --- [main] org.hibernate.dialect.Dialect            : HHH000400: Using dialect: org.hibernate.dialect.H2Dialect
2022-10-16 22:47:22.859  INFO 61728 --- [main] o.h.e.t.j.p.i.JtaPlatformInitiator       : HHH000490: Using JtaPlatform implementation: [org.hibernate.engine.transaction.jta.platform.internal.NoJtaPlatform]
2022-10-16 22:47:22.879  INFO 61728 --- [main] j.LocalContainerEntityManagerFactoryBean : Initialized JPA EntityManagerFactory for persistence unit 'default'
2022-10-16 22:47:23.720  WARN 61728 --- [main] c.n.c.sources.URLConfigurationSource     : No URLs will be polled as dynamic configuration sources.
2022-10-16 22:47:23.720  INFO 61728 --- [main] c.n.c.sources.URLConfigurationSource     : To enable URLs as dynamic configuration sources, define System property archaius.configurationSource.additionalUrls or make config.properties available on classpath.
2022-10-16 22:47:23.733  WARN 61728 --- [main] c.n.c.sources.URLConfigurationSource     : No URLs will be polled as dynamic configuration sources.
2022-10-16 22:47:23.734  INFO 61728 --- [main] c.n.c.sources.URLConfigurationSource     : To enable URLs as dynamic configuration sources, define System property archaius.configurationSource.additionalUrls or make config.properties available on classpath.
2022-10-16 22:47:23.887  WARN 61728 --- [main] JpaBaseConfiguration$JpaWebConfiguration : spring.jpa.open-in-view is enabled by default. Therefore, database queries may be performed during view rendering. Explicitly configure spring.jpa.open-in-view to disable this warning
2022-10-16 22:47:24.178  INFO 61728 --- [main] o.s.s.concurrent.ThreadPoolTaskExecutor  : Initializing ExecutorService 'applicationTaskExecutor'
2022-10-16 22:47:25.571  WARN 61728 --- [main] ockingLoadBalancerClientRibbonWarnLogger : You already have RibbonLoadBalancerClient on your classpath. It will be used by default. As Spring Cloud Ribbon is in maintenance mode. We recommend switching to BlockingLoadBalancerClient instead. In order to use it, set the value of `spring.cloud.loadbalancer.ribbon.enabled` to `false` or remove spring-cloud-starter-netflix-ribbon from your project.
2022-10-16 22:47:25.699  INFO 61728 --- [main] o.s.c.n.eureka.InstanceInfoFactory       : Setting initial instance status as: STARTING
2022-10-16 22:47:25.913  INFO 61728 --- [main] com.netflix.discovery.DiscoveryClient    : Initializing Eureka in region us-east-1
2022-10-16 22:47:26.707  INFO 61728 --- [main] c.n.d.provider.DiscoveryJerseyProvider   : Using JSON encoding codec LegacyJacksonJson
2022-10-16 22:47:26.707  INFO 61728 --- [main] c.n.d.provider.DiscoveryJerseyProvider   : Using JSON decoding codec LegacyJacksonJson
2022-10-16 22:47:26.925  INFO 61728 --- [main] c.n.d.provider.DiscoveryJerseyProvider   : Using XML encoding codec XStreamXml
2022-10-16 22:47:26.925  INFO 61728 --- [main] c.n.d.provider.DiscoveryJerseyProvider   : Using XML decoding codec XStreamXml
2022-10-16 22:47:27.133  INFO 61728 --- [main] c.n.d.s.r.aws.ConfigClusterResolver      : Resolving eureka endpoints via configuration
2022-10-16 22:47:27.277  INFO 61728 --- [main] com.netflix.discovery.DiscoveryClient    : Disable delta property : false
2022-10-16 22:47:27.277  INFO 61728 --- [main] com.netflix.discovery.DiscoveryClient    : Single vip registry refresh property : null
2022-10-16 22:47:27.277  INFO 61728 --- [main] com.netflix.discovery.DiscoveryClient    : Force full registry fetch : false
2022-10-16 22:47:27.277  INFO 61728 --- [main] com.netflix.discovery.DiscoveryClient    : Application is null : false
2022-10-16 22:47:27.277  INFO 61728 --- [main] com.netflix.discovery.DiscoveryClient    : Registered Applications size is zero : true
2022-10-16 22:47:27.277  INFO 61728 --- [main] com.netflix.discovery.DiscoveryClient    : Application version is -1: true
2022-10-16 22:47:27.277  INFO 61728 --- [main] com.netflix.discovery.DiscoveryClient    : Getting all instance registry info from the eureka server
2022-10-16 22:47:27.531  INFO 61728 --- [main] com.netflix.discovery.DiscoveryClient    : The response status is 200
2022-10-16 22:47:27.534  INFO 61728 --- [main] com.netflix.discovery.DiscoveryClient    : Starting heartbeat executor: renew interval is: 30
2022-10-16 22:47:27.537  INFO 61728 --- [main] c.n.discovery.InstanceInfoReplicator     : InstanceInfoReplicator onDemand update allowed rate per min is 4
2022-10-16 22:47:27.542  INFO 61728 --- [main] com.netflix.discovery.DiscoveryClient    : Discovery Client initialized at timestamp 1665940647540 with initial instances count: 0
2022-10-16 22:47:27.545  INFO 61728 --- [main] o.s.c.n.e.s.EurekaServiceRegistry        : Registering application CUSTOMER-SERVICE with eureka with status UP
2022-10-16 22:47:27.546  INFO 61728 --- [main] com.netflix.discovery.DiscoveryClient    : Saw local status change event StatusChangeEvent [timestamp=1665940647546, current=UP, previous=STARTING]
2022-10-16 22:47:27.552  INFO 61728 --- [DiscoveryClient-InstanceInfoReplicator-0] com.netflix.discovery.DiscoveryClient    : DiscoveryClient_CUSTOMER-SERVICE/DESKTOP-29U9NHN:customer-service:9002: registering service...
2022-10-16 22:47:27.628  INFO 61728 --- [main] o.s.b.w.embedded.tomcat.TomcatWebServer  : Tomcat started on port(s): 9002 (http) with context path ''
2022-10-16 22:47:27.630  INFO 61728 --- [main] .s.c.n.e.s.EurekaAutoServiceRegistration : Updating port to 9002
2022-10-16 22:47:27.790  INFO 61728 --- [DiscoveryClient-InstanceInfoReplicator-0] com.netflix.discovery.DiscoveryClient    : DiscoveryClient_CUSTOMER-SERVICE/DESKTOP-29U9NHN:customer-service:9002 - registration status: 204
2022-10-16 22:47:27.892  INFO 61728 --- [main] com.aruntech.CustomerServiceApplication  : Started CustomerServiceApplication in 14.34 seconds (JVM running for 15.712)
2022-10-16 22:47:40.044  INFO 62588 --- [main] com.aruntech.LoanServiceApplication      : No active profile set, falling back to default profiles: default
2022-10-16 22:47:41.280  INFO 62588 --- [main] .s.d.r.c.RepositoryConfigurationDelegate : Bootstrapping Spring Data JPA repositories in DEFAULT mode.
2022-10-16 22:47:41.663  INFO 62588 --- [main] .s.d.r.c.RepositoryConfigurationDelegate : Finished Spring Data repository scanning in 358ms. Found 2 JPA repository interfaces.
2022-10-16 22:47:42.073  INFO 62588 --- [main] o.s.cloud.context.scope.GenericScope     : BeanFactory id=94595d84-ed80-300c-8fef-1bdb379668b2
2022-10-16 22:47:42.275  INFO 62588 --- [main] trationDelegate$BeanPostProcessorChecker : Bean 'com.aruntech.service.CustomerConsumer' of type [org.springframework.cloud.openfeign.FeignClientFactoryBean] is not eligible for getting processed by all BeanPostProcessors (for example: not eligible for auto-proxying)
2022-10-16 22:47:42.983  INFO 62588 --- [main] o.s.b.w.embedded.tomcat.TomcatWebServer  : Tomcat initialized with port(s): 9003 (http)
2022-10-16 22:47:42.998  INFO 62588 --- [main] o.apache.catalina.core.StandardService   : Starting service [Tomcat]
2022-10-16 22:47:42.998  INFO 62588 --- [main] org.apache.catalina.core.StandardEngine  : Starting Servlet engine: [Apache Tomcat/9.0.31]
2022-10-16 22:47:43.830  INFO 62588 --- [main] o.a.c.c.C.[Tomcat].[localhost].[/]       : Initializing Spring embedded WebApplicationContext
2022-10-16 22:47:43.830  INFO 62588 --- [main] o.s.web.context.ContextLoader            : Root WebApplicationContext: initialization completed in 3750 ms
2022-10-16 22:47:43.884  INFO 62588 --- [main] com.zaxxer.hikari.HikariDataSource       : HikariPool-1 - Starting...
2022-10-16 22:47:44.199  INFO 62588 --- [main] com.zaxxer.hikari.HikariDataSource       : HikariPool-1 - Start completed.
2022-10-16 22:47:44.208  INFO 62588 --- [main] o.s.b.a.h2.H2ConsoleAutoConfiguration    : H2 console available at '/h2-console'. Database available at 'jdbc:h2:mem:loan'
2022-10-16 22:47:44.400  INFO 62588 --- [main] o.hibernate.jpa.internal.util.LogHelper  : HHH000204: Processing PersistenceUnitInfo [name: default]
2022-10-16 22:47:44.539  INFO 62588 --- [main] org.hibernate.Version                    : HHH000412: Hibernate ORM core version 5.4.12.Final
2022-10-16 22:47:44.756  INFO 62588 --- [main] o.hibernate.annotations.common.Version   : HCANN000001: Hibernate Commons Annotations {5.1.0.Final}
2022-10-16 22:47:44.921  INFO 62588 --- [main] org.hibernate.dialect.Dialect            : HHH000400: Using dialect: org.hibernate.dialect.H2Dialect
2022-10-16 22:47:45.630  INFO 62588 --- [main] o.h.e.t.j.p.i.JtaPlatformInitiator       : HHH000490: Using JtaPlatform implementation: [org.hibernate.engine.transaction.jta.platform.internal.NoJtaPlatform]
2022-10-16 22:47:45.637  INFO 62588 --- [main] j.LocalContainerEntityManagerFactoryBean : Initialized JPA EntityManagerFactory for persistence unit 'default'
2022-10-16 22:47:46.393  WARN 62588 --- [main] JpaBaseConfiguration$JpaWebConfiguration : spring.jpa.open-in-view is enabled by default. Therefore, database queries may be performed during view rendering. Explicitly configure spring.jpa.open-in-view to disable this warning
2022-10-16 22:47:46.573  WARN 62588 --- [main] c.n.c.sources.URLConfigurationSource     : No URLs will be polled as dynamic configuration sources.
2022-10-16 22:47:46.573  INFO 62588 --- [main] c.n.c.sources.URLConfigurationSource     : To enable URLs as dynamic configuration sources, define System property archaius.configurationSource.additionalUrls or make config.properties available on classpath.
2022-10-16 22:47:46.581  WARN 62588 --- [main] c.n.c.sources.URLConfigurationSource     : No URLs will be polled as dynamic configuration sources.
2022-10-16 22:47:46.581  INFO 62588 --- [main] c.n.c.sources.URLConfigurationSource     : To enable URLs as dynamic configuration sources, define System property archaius.configurationSource.additionalUrls or make config.properties available on classpath.
2022-10-16 22:47:46.787  INFO 62588 --- [main] o.s.s.concurrent.ThreadPoolTaskExecutor  : Initializing ExecutorService 'applicationTaskExecutor'
2022-10-16 22:47:47.567  WARN 62588 --- [main] ockingLoadBalancerClientRibbonWarnLogger : You already have RibbonLoadBalancerClient on your classpath. It will be used by default. As Spring Cloud Ribbon is in maintenance mode. We recommend switching to BlockingLoadBalancerClient instead. In order to use it, set the value of `spring.cloud.loadbalancer.ribbon.enabled` to `false` or remove spring-cloud-starter-netflix-ribbon from your project.
2022-10-16 22:47:47.635  INFO 62588 --- [main] o.s.c.n.eureka.InstanceInfoFactory       : Setting initial instance status as: STARTING
2022-10-16 22:47:47.732  INFO 62588 --- [main] com.netflix.discovery.DiscoveryClient    : Initializing Eureka in region us-east-1
2022-10-16 22:47:48.284  INFO 62588 --- [main] c.n.d.provider.DiscoveryJerseyProvider   : Using JSON encoding codec LegacyJacksonJson
2022-10-16 22:47:48.284  INFO 62588 --- [main] c.n.d.provider.DiscoveryJerseyProvider   : Using JSON decoding codec LegacyJacksonJson
2022-10-16 22:47:48.448  INFO 62588 --- [main] c.n.d.provider.DiscoveryJerseyProvider   : Using XML encoding codec XStreamXml
2022-10-16 22:47:48.448  INFO 62588 --- [main] c.n.d.provider.DiscoveryJerseyProvider   : Using XML decoding codec XStreamXml
2022-10-16 22:47:48.672  INFO 62588 --- [main] c.n.d.s.r.aws.ConfigClusterResolver      : Resolving eureka endpoints via configuration
2022-10-16 22:47:48.824  INFO 62588 --- [main] com.netflix.discovery.DiscoveryClient    : Disable delta property : false
2022-10-16 22:47:48.825  INFO 62588 --- [main] com.netflix.discovery.DiscoveryClient    : Single vip registry refresh property : null
2022-10-16 22:47:48.825  INFO 62588 --- [main] com.netflix.discovery.DiscoveryClient    : Force full registry fetch : false
2022-10-16 22:47:48.825  INFO 62588 --- [main] com.netflix.discovery.DiscoveryClient    : Application is null : false
2022-10-16 22:47:48.825  INFO 62588 --- [main] com.netflix.discovery.DiscoveryClient    : Registered Applications size is zero : true
2022-10-16 22:47:48.825  INFO 62588 --- [main] com.netflix.discovery.DiscoveryClient    : Application version is -1: true
2022-10-16 22:47:48.825  INFO 62588 --- [main] com.netflix.discovery.DiscoveryClient    : Getting all instance registry info from the eureka server
2022-10-16 22:47:49.130  INFO 62588 --- [main] com.netflix.discovery.DiscoveryClient    : The response status is 200
2022-10-16 22:47:49.135  INFO 62588 --- [main] com.netflix.discovery.DiscoveryClient    : Starting heartbeat executor: renew interval is: 30
2022-10-16 22:47:49.163  INFO 62588 --- [main] c.n.discovery.InstanceInfoReplicator     : InstanceInfoReplicator onDemand update allowed rate per min is 4
2022-10-16 22:47:49.170  INFO 62588 --- [main] com.netflix.discovery.DiscoveryClient    : Discovery Client initialized at timestamp 1665940669167 with initial instances count: 1
2022-10-16 22:47:49.174  INFO 62588 --- [main] o.s.c.n.e.s.EurekaServiceRegistry        : Registering application LOAN-SERVICE with eureka with status UP
2022-10-16 22:47:49.176  INFO 62588 --- [main] com.netflix.discovery.DiscoveryClient    : Saw local status change event StatusChangeEvent [timestamp=1665940669176, current=UP, previous=STARTING]
2022-10-16 22:47:49.180  INFO 62588 --- [DiscoveryClient-InstanceInfoReplicator-0] com.netflix.discovery.DiscoveryClient    : DiscoveryClient_LOAN-SERVICE/DESKTOP-29U9NHN:loan-service:9003: registering service...
2022-10-16 22:47:49.288  INFO 62588 --- [DiscoveryClient-InstanceInfoReplicator-0] com.netflix.discovery.DiscoveryClient    : DiscoveryClient_LOAN-SERVICE/DESKTOP-29U9NHN:loan-service:9003 - registration status: 204
2022-10-16 22:47:49.311  INFO 62588 --- [main] o.s.b.w.embedded.tomcat.TomcatWebServer  : Tomcat started on port(s): 9003 (http) with context path ''
2022-10-16 22:47:49.313  INFO 62588 --- [main] .s.c.n.e.s.EurekaAutoServiceRegistration : Updating port to 9003
2022-10-16 22:47:49.726  INFO 62588 --- [main] com.aruntech.LoanServiceApplication      : Started LoanServiceApplication in 11.833 seconds (JVM running for 13.355)
2022-10-16 22:47:57.539  INFO 61728 --- [DiscoveryClient-CacheRefreshExecutor-0] com.netflix.discovery.DiscoveryClient    : Disable delta property : false
2022-10-16 22:47:57.539  INFO 61728 --- [DiscoveryClient-CacheRefreshExecutor-0] com.netflix.discovery.DiscoveryClient    : Single vip registry refresh property : null
2022-10-16 22:47:57.540  INFO 61728 --- [DiscoveryClient-CacheRefreshExecutor-0] com.netflix.discovery.DiscoveryClient    : Force full registry fetch : false
2022-10-16 22:47:57.540  INFO 61728 --- [DiscoveryClient-CacheRefreshExecutor-0] com.netflix.discovery.DiscoveryClient    : Application is null : false
2022-10-16 22:47:57.540  INFO 61728 --- [DiscoveryClient-CacheRefreshExecutor-0] com.netflix.discovery.DiscoveryClient    : Registered Applications size is zero : true
2022-10-16 22:47:57.540  INFO 61728 --- [DiscoveryClient-CacheRefreshExecutor-0] com.netflix.discovery.DiscoveryClient    : Application version is -1: false
2022-10-16 22:47:57.540  INFO 61728 --- [DiscoveryClient-CacheRefreshExecutor-0] com.netflix.discovery.DiscoveryClient    : Getting all instance registry info from the eureka server
2022-10-16 22:47:57.592  INFO 61728 --- [DiscoveryClient-CacheRefreshExecutor-0] com.netflix.discovery.DiscoveryClient    : The response status is 200
2022-10-16 22:48:03.717  INFO 61604 --- [main] com.aruntech.BankingServiceApplication   : No active profile set, falling back to default profiles: default
2022-10-16 22:48:05.336  INFO 61604 --- [main] .s.d.r.c.RepositoryConfigurationDelegate : Bootstrapping Spring Data JPA repositories in DEFAULT mode.
2022-10-16 22:48:05.964  INFO 61604 --- [main] .s.d.r.c.RepositoryConfigurationDelegate : Finished Spring Data repository scanning in 579ms. Found 1 JPA repository interfaces.
2022-10-16 22:48:06.731  INFO 61604 --- [main] o.s.cloud.context.scope.GenericScope     : BeanFactory id=ff2c2b34-cf77-35a9-95bb-03d0451eca51
2022-10-16 22:48:07.104  INFO 61604 --- [main] trationDelegate$BeanPostProcessorChecker : Bean 'com.aruntech.service.CustomerConsumer' of type [org.springframework.cloud.openfeign.FeignClientFactoryBean] is not eligible for getting processed by all BeanPostProcessors (for example: not eligible for auto-proxying)
2022-10-16 22:48:07.106  INFO 61604 --- [main] trationDelegate$BeanPostProcessorChecker : Bean 'com.aruntech.service.LoanConsumer' of type [org.springframework.cloud.openfeign.FeignClientFactoryBean] is not eligible for getting processed by all BeanPostProcessors (for example: not eligible for auto-proxying)
2022-10-16 22:48:08.785  INFO 61604 --- [main] o.s.b.w.embedded.tomcat.TomcatWebServer  : Tomcat initialized with port(s): 9001 (http)
2022-10-16 22:48:08.831  INFO 61604 --- [main] o.apache.catalina.core.StandardService   : Starting service [Tomcat]
2022-10-16 22:48:08.833  INFO 61604 --- [main] org.apache.catalina.core.StandardEngine  : Starting Servlet engine: [Apache Tomcat/9.0.31]
2022-10-16 22:48:10.380  INFO 61604 --- [main] o.a.c.c.C.[Tomcat].[localhost].[/]       : Initializing Spring embedded WebApplicationContext
2022-10-16 22:48:10.380  INFO 61604 --- [main] o.s.web.context.ContextLoader            : Root WebApplicationContext: initialization completed in 6622 ms
2022-10-16 22:48:10.473  INFO 61604 --- [main] com.zaxxer.hikari.HikariDataSource       : HikariPool-1 - Starting...
2022-10-16 22:48:11.052  INFO 61604 --- [main] com.zaxxer.hikari.HikariDataSource       : HikariPool-1 - Start completed.
2022-10-16 22:48:11.075  INFO 61604 --- [main] o.s.b.a.h2.H2ConsoleAutoConfiguration    : H2 console available at '/h2-console'. Database available at 'jdbc:h2:mem:banking'
2022-10-16 22:48:11.544  INFO 61604 --- [main] o.hibernate.jpa.internal.util.LogHelper  : HHH000204: Processing PersistenceUnitInfo [name: default]
2022-10-16 22:48:11.826  INFO 61604 --- [main] org.hibernate.Version                    : HHH000412: Hibernate ORM core version 5.4.12.Final
2022-10-16 22:48:12.248  INFO 61604 --- [main] o.hibernate.annotations.common.Version   : HCANN000001: Hibernate Commons Annotations {5.1.0.Final}
2022-10-16 22:48:12.560  INFO 61604 --- [main] org.hibernate.dialect.Dialect            : HHH000400: Using dialect: org.hibernate.dialect.H2Dialect
2022-10-16 22:48:13.844  INFO 61604 --- [main] o.h.e.t.j.p.i.JtaPlatformInitiator       : HHH000490: Using JtaPlatform implementation: [org.hibernate.engine.transaction.jta.platform.internal.NoJtaPlatform]
2022-10-16 22:48:13.857  INFO 61604 --- [main] j.LocalContainerEntityManagerFactoryBean : Initialized JPA EntityManagerFactory for persistence unit 'default'
2022-10-16 22:48:14.476  WARN 61604 --- [main] JpaBaseConfiguration$JpaWebConfiguration : spring.jpa.open-in-view is enabled by default. Therefore, database queries may be performed during view rendering. Explicitly configure spring.jpa.open-in-view to disable this warning
2022-10-16 22:48:14.635  WARN 61604 --- [main] c.n.c.sources.URLConfigurationSource     : No URLs will be polled as dynamic configuration sources.
2022-10-16 22:48:14.635  INFO 61604 --- [main] c.n.c.sources.URLConfigurationSource     : To enable URLs as dynamic configuration sources, define System property archaius.configurationSource.additionalUrls or make config.properties available on classpath.
2022-10-16 22:48:14.645  WARN 61604 --- [main] c.n.c.sources.URLConfigurationSource     : No URLs will be polled as dynamic configuration sources.
2022-10-16 22:48:14.645  INFO 61604 --- [main] c.n.c.sources.URLConfigurationSource     : To enable URLs as dynamic configuration sources, define System property archaius.configurationSource.additionalUrls or make config.properties available on classpath.
2022-10-16 22:48:15.035  INFO 61604 --- [main] o.s.s.concurrent.ThreadPoolTaskExecutor  : Initializing ExecutorService 'applicationTaskExecutor'
2022-10-16 22:48:15.814  WARN 61604 --- [main] ockingLoadBalancerClientRibbonWarnLogger : You already have RibbonLoadBalancerClient on your classpath. It will be used by default. As Spring Cloud Ribbon is in maintenance mode. We recommend switching to BlockingLoadBalancerClient instead. In order to use it, set the value of `spring.cloud.loadbalancer.ribbon.enabled` to `false` or remove spring-cloud-starter-netflix-ribbon from your project.
2022-10-16 22:48:15.889  INFO 61604 --- [main] o.s.c.n.eureka.InstanceInfoFactory       : Setting initial instance status as: STARTING
2022-10-16 22:48:16.014  INFO 61604 --- [main] com.netflix.discovery.DiscoveryClient    : Initializing Eureka in region us-east-1
2022-10-16 22:48:16.509  INFO 61604 --- [main] c.n.d.provider.DiscoveryJerseyProvider   : Using JSON encoding codec LegacyJacksonJson
2022-10-16 22:48:16.510  INFO 61604 --- [main] c.n.d.provider.DiscoveryJerseyProvider   : Using JSON decoding codec LegacyJacksonJson
2022-10-16 22:48:16.696  INFO 61604 --- [main] c.n.d.provider.DiscoveryJerseyProvider   : Using XML encoding codec XStreamXml
2022-10-16 22:48:16.697  INFO 61604 --- [main] c.n.d.provider.DiscoveryJerseyProvider   : Using XML decoding codec XStreamXml
2022-10-16 22:48:16.885  INFO 61604 --- [main] c.n.d.s.r.aws.ConfigClusterResolver      : Resolving eureka endpoints via configuration
2022-10-16 22:48:17.024  INFO 61604 --- [main] com.netflix.discovery.DiscoveryClient    : Disable delta property : false
2022-10-16 22:48:17.024  INFO 61604 --- [main] com.netflix.discovery.DiscoveryClient    : Single vip registry refresh property : null
2022-10-16 22:48:17.024  INFO 61604 --- [main] com.netflix.discovery.DiscoveryClient    : Force full registry fetch : false
2022-10-16 22:48:17.025  INFO 61604 --- [main] com.netflix.discovery.DiscoveryClient    : Application is null : false
2022-10-16 22:48:17.025  INFO 61604 --- [main] com.netflix.discovery.DiscoveryClient    : Registered Applications size is zero : true
2022-10-16 22:48:17.025  INFO 61604 --- [main] com.netflix.discovery.DiscoveryClient    : Application version is -1: true
2022-10-16 22:48:17.025  INFO 61604 --- [main] com.netflix.discovery.DiscoveryClient    : Getting all instance registry info from the eureka server
2022-10-16 22:48:17.226  INFO 61604 --- [main] com.netflix.discovery.DiscoveryClient    : The response status is 200
2022-10-16 22:48:17.230  INFO 61604 --- [main] com.netflix.discovery.DiscoveryClient    : Starting heartbeat executor: renew interval is: 30
2022-10-16 22:48:17.232  INFO 61604 --- [main] c.n.discovery.InstanceInfoReplicator     : InstanceInfoReplicator onDemand update allowed rate per min is 4
2022-10-16 22:48:17.236  INFO 61604 --- [main] com.netflix.discovery.DiscoveryClient    : Discovery Client initialized at timestamp 1665940697235 with initial instances count: 2
2022-10-16 22:48:17.238  INFO 61604 --- [main] o.s.c.n.e.s.EurekaServiceRegistry        : Registering application BANKING-SERVICE with eureka with status UP
2022-10-16 22:48:17.239  INFO 61604 --- [main] com.netflix.discovery.DiscoveryClient    : Saw local status change event StatusChangeEvent [timestamp=1665940697239, current=UP, previous=STARTING]
2022-10-16 22:48:17.242  INFO 61604 --- [DiscoveryClient-InstanceInfoReplicator-0] com.netflix.discovery.DiscoveryClient    : DiscoveryClient_BANKING-SERVICE/DESKTOP-29U9NHN:banking-service:9001: registering service...
2022-10-16 22:48:17.306  INFO 61604 --- [main] o.s.b.w.embedded.tomcat.TomcatWebServer  : Tomcat started on port(s): 9001 (http) with context path ''
2022-10-16 22:48:17.308  INFO 61604 --- [main] .s.c.n.e.s.EurekaAutoServiceRegistration : Updating port to 9001
2022-10-16 22:48:17.311  INFO 61604 --- [DiscoveryClient-InstanceInfoReplicator-0] com.netflix.discovery.DiscoveryClient    : DiscoveryClient_BANKING-SERVICE/DESKTOP-29U9NHN:banking-service:9001 - registration status: 204
2022-10-16 22:48:17.498  INFO 61604 --- [main] com.aruntech.BankingServiceApplication   : Started BankingServiceApplication in 15.61 seconds (JVM running for 17.024)
2022-10-16 22:48:46.074  INFO 61604 --- [http-nio-9001-exec-1] o.a.c.c.C.[Tomcat].[localhost].[/]       : Initializing Spring DispatcherServlet 'dispatcherServlet'
2022-10-16 22:48:46.074  INFO 61604 --- [http-nio-9001-exec-1] o.s.web.servlet.DispatcherServlet        : Initializing Servlet 'dispatcherServlet'
2022-10-16 22:48:46.087  INFO 61604 --- [http-nio-9001-exec-1] o.s.web.servlet.DispatcherServlet        : Completed initialization in 12 ms
2022-10-16 22:48:46.160  INFO 61604 --- [http-nio-9001-exec-1] com.aruntech.service.BankingService      : banking-service: Creating the new bank account
2022-10-16 22:48:46.160  INFO 61604 --- [http-nio-9001-exec-1] com.aruntech.service.BankingService      : banking-service: Payload for creating the new customer: CreateCustomerRequest{name='Arun', balance=2000.0, phone='xxxxxxxxxx', emailId='xxxx@gmail.com'}
2022-10-16 22:48:46.160  INFO 61604 --- [http-nio-9001-exec-1] com.aruntech.service.BankingService      : banking-service: Making call to customer-service to create the customer
2022-10-16 22:48:46.496  INFO 61604 --- [http-nio-9001-exec-1] c.netflix.config.ChainedDynamicProperty  : Flipping property: customer-service.ribbon.ActiveConnectionsLimit to use NEXT property: niws.loadbalancer.availabilityFilteringRule.activeConnectionsLimit = 2147483647
2022-10-16 22:48:46.561  INFO 61604 --- [http-nio-9001-exec-1] c.n.u.concurrent.ShutdownEnabledTimer    : Shutdown hook installed for: NFLoadBalancer-PingTimer-customer-service
2022-10-16 22:48:46.562  INFO 61604 --- [http-nio-9001-exec-1] c.netflix.loadbalancer.BaseLoadBalancer  : Client: customer-service instantiated a LoadBalancer: DynamicServerListLoadBalancer:{NFLoadBalancer:name=customer-service,current list of Servers=[],Load balancer stats=Zone stats: {},Server stats: []}ServerList:null
2022-10-16 22:48:46.576  INFO 61604 --- [http-nio-9001-exec-1] c.n.l.DynamicServerListLoadBalancer      : Using serverListUpdater PollingServerListUpdater
2022-10-16 22:48:46.624  INFO 61604 --- [http-nio-9001-exec-1] c.netflix.config.ChainedDynamicProperty  : Flipping property: customer-service.ribbon.ActiveConnectionsLimit to use NEXT property: niws.loadbalancer.availabilityFilteringRule.activeConnectionsLimit = 2147483647
2022-10-16 22:48:46.627  INFO 61604 --- [http-nio-9001-exec-1] c.n.l.DynamicServerListLoadBalancer      : DynamicServerListLoadBalancer for client customer-service initialized: DynamicServerListLoadBalancer:{NFLoadBalancer:name=customer-service,current list of Servers=[DESKTOP-29U9NHN:9002],Load balancer stats=Zone stats: {defaultzone=[Zone:defaultzone;	Instance count:1;	Active connections count: 0;	Circuit breaker tripped count: 0;	Active connections per server: 0.0;]
},Server stats: [[Server:DESKTOP-29U9NHN:9002;	Zone:defaultZone;	Total Requests:0;	Successive connection failure:0;	Total blackout seconds:0;	Last connection made:Thu Jan 01 05:30:00 IST 1970;	First connection made: Thu Jan 01 05:30:00 IST 1970;	Active Connections:0;	total failure count in last (1000) msecs:0;	average resp time:0.0;	90 percentile resp time:0.0;	95 percentile resp time:0.0;	min resp time:0.0;	max resp time:0.0;	stddev resp time:0.0]
]}ServerList:org.springframework.cloud.netflix.ribbon.eureka.DomainExtractingServerList@15cbabcd
2022-10-16 22:48:46.871  INFO 61728 --- [http-nio-9002-exec-1] o.a.c.c.C.[Tomcat].[localhost].[/]       : Initializing Spring DispatcherServlet 'dispatcherServlet'
2022-10-16 22:48:46.871  INFO 61728 --- [http-nio-9002-exec-1] o.s.web.servlet.DispatcherServlet        : Initializing Servlet 'dispatcherServlet'
2022-10-16 22:48:46.884  INFO 61728 --- [http-nio-9002-exec-1] o.s.web.servlet.DispatcherServlet        : Completed initialization in 13 ms
2022-10-16 22:48:46.973  INFO 61728 --- [http-nio-9002-exec-1] com.aruntech.service.CustomerService     : customer-service: Create the new customer
2022-10-16 22:48:47.092  INFO 61728 --- [http-nio-9002-exec-1] com.aruntech.service.CustomerService     : customer-service: New customer Customer{id=1, name='Arun', accountNo=68555913, balance=2000.0, phone='xxxxxxxxxx', emailId='xxxx@gmail.com'} was created successfully
2022-10-16 22:48:47.151  INFO 61604 --- [http-nio-9001-exec-1] com.aruntech.service.BankingService      : banking-service: Response from customer-service for the new customer: Customer{id=1, name='Arun', accountNo=68555913, balance=2000.0, phone='xxxxxxxxxx', emailId='xxxx@gmail.com', loanDetails=[]}
2022-10-16 22:48:47.258  INFO 61604 --- [http-nio-9001-exec-1] com.aruntech.service.BankingService      : banking-service: Account was created with response: AccountCreateResponse{status='success', message='Successfully created the bank account', customerId='1', accountNo='68555913'}
2022-10-16 22:48:47.589  INFO 61604 --- [PollingServerListUpdater-0] c.netflix.config.ChainedDynamicProperty  : Flipping property: customer-service.ribbon.ActiveConnectionsLimit to use NEXT property: niws.loadbalancer.availabilityFilteringRule.activeConnectionsLimit = 2147483647
2022-10-16 22:49:29.806  INFO 61604 --- [http-nio-9001-exec-2] com.aruntech.service.BankingService      : banking-service: Deposit the amount with payload TransactionRequest{customerId='1', accountNo='0', amount=1000.0}
2022-10-16 22:49:29.816  INFO 61728 --- [http-nio-9002-exec-3] com.aruntech.service.CustomerService     : customer-service: Fetch the customer with id 1
2022-10-16 22:49:29.892  INFO 61728 --- [http-nio-9002-exec-3] com.aruntech.service.CustomerService     : customer-service: Retrieved the customer with details Customer{id=1, name='Arun', accountNo=68555913, balance=2000.0, phone='xxxxxxxxxx', emailId='xxxx@gmail.com'}
2022-10-16 22:49:29.896  INFO 61604 --- [http-nio-9001-exec-2] com.aruntech.service.BankingService      : banking-service: Calling customer-service with payload: UpdateBalanceRequest{id=1, accountNo=68555913, amount=3000.0}
2022-10-16 22:49:29.906  INFO 61728 --- [http-nio-9002-exec-7] com.aruntech.service.CustomerService     : customer-service: Update the customer details with id 1
2022-10-16 22:49:29.924  INFO 61728 --- [http-nio-9002-exec-7] com.aruntech.service.CustomerService     : customer-service: The updated customer details are Customer{id=1, name='Arun', accountNo=68555913, balance=3000.0, phone='xxxxxxxxxx', emailId='xxxx@gmail.com'}
2022-10-16 22:49:29.934  INFO 61728 --- [http-nio-9002-exec-8] com.aruntech.service.CustomerService     : customer-service: Fetch the customer with id 1
2022-10-16 22:49:29.937  INFO 61728 --- [http-nio-9002-exec-8] com.aruntech.service.CustomerService     : customer-service: Retrieved the customer with details Customer{id=1, name='Arun', accountNo=68555913, balance=3000.0, phone='xxxxxxxxxx', emailId='xxxx@gmail.com'}
2022-10-16 22:49:29.940  INFO 61604 --- [http-nio-9001-exec-2] com.aruntech.service.BankingService      : banking-service: Updated customer details from customer-service: Customer{id=1, name='Arun', accountNo=68555913, balance=3000.0, phone='xxxxxxxxxx', emailId='xxxx@gmail.com', loanDetails=[]}
2022-10-16 22:49:29.945  INFO 61604 --- [http-nio-9001-exec-2] com.aruntech.service.BankingService      : banking-service: Balance was updated successfully with details TransactionResponse{status='success', message='Successfully updated the balance', balance=3000.0}
2022-10-16 22:49:49.919  INFO 61728 --- [http-nio-9002-exec-4] com.aruntech.service.CustomerService     : customer-service: Fetch the customer with id 1
2022-10-16 22:49:49.921  INFO 61728 --- [http-nio-9002-exec-4] com.aruntech.service.CustomerService     : customer-service: Retrieved the customer with details Customer{id=1, name='Arun', accountNo=68555913, balance=3000.0, phone='xxxxxxxxxx', emailId='xxxx@gmail.com'}
2022-10-16 22:49:49.925  INFO 61604 --- [http-nio-9001-exec-4] com.aruntech.service.BankingService      : banking-service: Calling customer-service with payload: UpdateBalanceRequest{id=1, accountNo=68555913, amount=2500.0}
2022-10-16 22:49:49.929  INFO 61728 --- [http-nio-9002-exec-2] com.aruntech.service.CustomerService     : customer-service: Update the customer details with id 1
2022-10-16 22:49:49.933  INFO 61728 --- [http-nio-9002-exec-2] com.aruntech.service.CustomerService     : customer-service: The updated customer details are Customer{id=1, name='Arun', accountNo=68555913, balance=2500.0, phone='xxxxxxxxxx', emailId='xxxx@gmail.com'}
2022-10-16 22:49:49.942  INFO 61728 --- [http-nio-9002-exec-5] com.aruntech.service.CustomerService     : customer-service: Fetch the customer with id 1
2022-10-16 22:49:49.944  INFO 61728 --- [http-nio-9002-exec-5] com.aruntech.service.CustomerService     : customer-service: Retrieved the customer with details Customer{id=1, name='Arun', accountNo=68555913, balance=2500.0, phone='xxxxxxxxxx', emailId='xxxx@gmail.com'}
2022-10-16 22:49:49.946  INFO 61604 --- [http-nio-9001-exec-4] com.aruntech.service.BankingService      : banking-service: Updated customer details from customer-service: Customer{id=1, name='Arun', accountNo=68555913, balance=2500.0, phone='xxxxxxxxxx', emailId='xxxx@gmail.com', loanDetails=[]}
2022-10-16 22:49:49.948  INFO 61604 --- [http-nio-9001-exec-4] com.aruntech.service.BankingService      : banking-service: Balance was updated successfully with details TransactionResponse{status='success', message='Successfully updated the balance', balance=2500.0}
2022-10-16 22:50:08.384  INFO 61604 --- [http-nio-9001-exec-5] com.aruntech.service.BankingService      : banking-service: Apply for new loan with details LoanRequest{name='Arun', age=39, custId=1, accountNo=68555913, income=30000.0, employmentType=mnc, amount=200000.0, tenture=24}
2022-10-16 22:50:08.510  INFO 61604 --- [http-nio-9001-exec-5] c.netflix.config.ChainedDynamicProperty  : Flipping property: loan-service.ribbon.ActiveConnectionsLimit to use NEXT property: niws.loadbalancer.availabilityFilteringRule.activeConnectionsLimit = 2147483647
2022-10-16 22:50:08.513  INFO 61604 --- [http-nio-9001-exec-5] c.n.u.concurrent.ShutdownEnabledTimer    : Shutdown hook installed for: NFLoadBalancer-PingTimer-loan-service
2022-10-16 22:50:08.514  INFO 61604 --- [http-nio-9001-exec-5] c.netflix.loadbalancer.BaseLoadBalancer  : Client: loan-service instantiated a LoadBalancer: DynamicServerListLoadBalancer:{NFLoadBalancer:name=loan-service,current list of Servers=[],Load balancer stats=Zone stats: {},Server stats: []}ServerList:null
2022-10-16 22:50:08.519  INFO 61604 --- [http-nio-9001-exec-5] c.n.l.DynamicServerListLoadBalancer      : Using serverListUpdater PollingServerListUpdater
2022-10-16 22:50:08.524  INFO 61604 --- [http-nio-9001-exec-5] c.netflix.config.ChainedDynamicProperty  : Flipping property: loan-service.ribbon.ActiveConnectionsLimit to use NEXT property: niws.loadbalancer.availabilityFilteringRule.activeConnectionsLimit = 2147483647
2022-10-16 22:50:08.528  INFO 61604 --- [http-nio-9001-exec-5] c.n.l.DynamicServerListLoadBalancer      : DynamicServerListLoadBalancer for client loan-service initialized: DynamicServerListLoadBalancer:{NFLoadBalancer:name=loan-service,current list of Servers=[DESKTOP-29U9NHN:9003],Load balancer stats=Zone stats: {defaultzone=[Zone:defaultzone;	Instance count:1;	Active connections count: 0;	Circuit breaker tripped count: 0;	Active connections per server: 0.0;]
},Server stats: [[Server:DESKTOP-29U9NHN:9003;	Zone:defaultZone;	Total Requests:0;	Successive connection failure:0;	Total blackout seconds:0;	Last connection made:Thu Jan 01 05:30:00 IST 1970;	First connection made: Thu Jan 01 05:30:00 IST 1970;	Active Connections:0;	total failure count in last (1000) msecs:0;	average resp time:0.0;	90 percentile resp time:0.0;	95 percentile resp time:0.0;	min resp time:0.0;	max resp time:0.0;	stddev resp time:0.0]
]}ServerList:org.springframework.cloud.netflix.ribbon.eureka.DomainExtractingServerList@4a1d9758
2022-10-16 22:50:08.690  INFO 62588 --- [http-nio-9003-exec-1] o.a.c.c.C.[Tomcat].[localhost].[/]       : Initializing Spring DispatcherServlet 'dispatcherServlet'
2022-10-16 22:50:08.691  INFO 62588 --- [http-nio-9003-exec-1] o.s.web.servlet.DispatcherServlet        : Initializing Servlet 'dispatcherServlet'
2022-10-16 22:50:08.712  INFO 62588 --- [http-nio-9003-exec-1] o.s.web.servlet.DispatcherServlet        : Completed initialization in 20 ms
2022-10-16 22:50:08.854  INFO 62588 --- [http-nio-9003-exec-1] com.aruntech.service.LoanService         : loan-service: Apply for the new loan with details LoanRequest{name='Arun', age=39, custId=1, accountNo=68555913, income=30000.0, employmentType=mnc, amount=200000.0, tenture=24}
2022-10-16 22:50:09.172  INFO 62588 --- [http-nio-9003-exec-1] c.netflix.config.ChainedDynamicProperty  : Flipping property: customer-service.ribbon.ActiveConnectionsLimit to use NEXT property: niws.loadbalancer.availabilityFilteringRule.activeConnectionsLimit = 2147483647
2022-10-16 22:50:09.244  INFO 62588 --- [http-nio-9003-exec-1] c.n.u.concurrent.ShutdownEnabledTimer    : Shutdown hook installed for: NFLoadBalancer-PingTimer-customer-service
2022-10-16 22:50:09.245  INFO 62588 --- [http-nio-9003-exec-1] c.netflix.loadbalancer.BaseLoadBalancer  : Client: customer-service instantiated a LoadBalancer: DynamicServerListLoadBalancer:{NFLoadBalancer:name=customer-service,current list of Servers=[],Load balancer stats=Zone stats: {},Server stats: []}ServerList:null
2022-10-16 22:50:09.257  INFO 62588 --- [http-nio-9003-exec-1] c.n.l.DynamicServerListLoadBalancer      : Using serverListUpdater PollingServerListUpdater
2022-10-16 22:50:09.306  INFO 62588 --- [http-nio-9003-exec-1] c.netflix.config.ChainedDynamicProperty  : Flipping property: customer-service.ribbon.ActiveConnectionsLimit to use NEXT property: niws.loadbalancer.availabilityFilteringRule.activeConnectionsLimit = 2147483647
2022-10-16 22:50:09.309  INFO 62588 --- [http-nio-9003-exec-1] c.n.l.DynamicServerListLoadBalancer      : DynamicServerListLoadBalancer for client customer-service initialized: DynamicServerListLoadBalancer:{NFLoadBalancer:name=customer-service,current list of Servers=[DESKTOP-29U9NHN:9002],Load balancer stats=Zone stats: {defaultzone=[Zone:defaultzone;	Instance count:1;	Active connections count: 0;	Circuit breaker tripped count: 0;	Active connections per server: 0.0;]
},Server stats: [[Server:DESKTOP-29U9NHN:9002;	Zone:defaultZone;	Total Requests:0;	Successive connection failure:0;	Total blackout seconds:0;	Last connection made:Thu Jan 01 05:30:00 IST 1970;	First connection made: Thu Jan 01 05:30:00 IST 1970;	Active Connections:0;	total failure count in last (1000) msecs:0;	average resp time:0.0;	90 percentile resp time:0.0;	95 percentile resp time:0.0;	min resp time:0.0;	max resp time:0.0;	stddev resp time:0.0]
]}ServerList:org.springframework.cloud.netflix.ribbon.eureka.DomainExtractingServerList@45acf422
2022-10-16 22:50:09.413  INFO 61728 --- [http-nio-9002-exec-6] com.aruntech.service.CustomerService     : customer-service: Fetch the customer with id 1
2022-10-16 22:50:09.414  INFO 61728 --- [http-nio-9002-exec-6] com.aruntech.service.CustomerService     : customer-service: Retrieved the customer with details Customer{id=1, name='Arun', accountNo=68555913, balance=2500.0, phone='xxxxxxxxxx', emailId='xxxx@gmail.com'}
2022-10-16 22:50:09.534  INFO 61604 --- [PollingServerListUpdater-0] c.netflix.config.ChainedDynamicProperty  : Flipping property: loan-service.ribbon.ActiveConnectionsLimit to use NEXT property: niws.loadbalancer.availabilityFilteringRule.activeConnectionsLimit = 2147483647
2022-10-16 22:50:09.571  INFO 62588 --- [http-nio-9003-exec-1] com.aruntech.service.LoanService         : loan-service: The new loan Loan{id=1, amount=200000.0, tenture=24, customerId=1, accountNo=68555913} was added
2022-10-16 22:50:09.595 ERROR 61604 --- [http-nio-9001-exec-5] o.a.c.c.C.[.[.[/].[dispatcherServlet]    : Servlet.service() for servlet [dispatcherServlet] in context with path [] threw exception [Request processing failed; nested exception is feign.RetryableException: Read timed out executing POST http://loan-service/loan] with root cause

java.net.SocketTimeoutException: Read timed out
	at java.net.SocketInputStream.socketRead0(Native Method) ~[na:1.8.0_301]
	at java.net.SocketInputStream.socketRead(SocketInputStream.java:116) ~[na:1.8.0_301]
	at java.net.SocketInputStream.read(SocketInputStream.java:171) ~[na:1.8.0_301]
	at java.net.SocketInputStream.read(SocketInputStream.java:141) ~[na:1.8.0_301]
	at java.io.BufferedInputStream.fill(BufferedInputStream.java:246) ~[na:1.8.0_301]
	at java.io.BufferedInputStream.read1(BufferedInputStream.java:286) ~[na:1.8.0_301]
	at java.io.BufferedInputStream.read(BufferedInputStream.java:345) ~[na:1.8.0_301]
	at sun.net.www.http.HttpClient.parseHTTPHeader(HttpClient.java:735) ~[na:1.8.0_301]
	at sun.net.www.http.HttpClient.parseHTTP(HttpClient.java:678) ~[na:1.8.0_301]
	at sun.net.www.protocol.http.HttpURLConnection.getInputStream0(HttpURLConnection.java:1593) ~[na:1.8.0_301]
	at sun.net.www.protocol.http.HttpURLConnection.getInputStream(HttpURLConnection.java:1498) ~[na:1.8.0_301]
	at java.net.HttpURLConnection.getResponseCode(HttpURLConnection.java:480) ~[na:1.8.0_301]
	at feign.Client$Default.convertResponse(Client.java:78) ~[feign-core-10.7.4.jar:na]
	at feign.Client$Default.execute(Client.java:74) ~[feign-core-10.7.4.jar:na]
	at org.springframework.cloud.openfeign.ribbon.FeignLoadBalancer.execute(FeignLoadBalancer.java:93) ~[spring-cloud-openfeign-core-2.2.2.RELEASE.jar:2.2.2.RELEASE]
	at org.springframework.cloud.openfeign.ribbon.FeignLoadBalancer.execute(FeignLoadBalancer.java:56) ~[spring-cloud-openfeign-core-2.2.2.RELEASE.jar:2.2.2.RELEASE]
	at com.netflix.client.AbstractLoadBalancerAwareClient$1.call(AbstractLoadBalancerAwareClient.java:104) ~[ribbon-loadbalancer-2.3.0.jar:2.3.0]
	at com.netflix.loadbalancer.reactive.LoadBalancerCommand$3$1.call(LoadBalancerCommand.java:303) ~[ribbon-loadbalancer-2.3.0.jar:2.3.0]
	at com.netflix.loadbalancer.reactive.LoadBalancerCommand$3$1.call(LoadBalancerCommand.java:287) ~[ribbon-loadbalancer-2.3.0.jar:2.3.0]
	at rx.internal.util.ScalarSynchronousObservable$3.call(ScalarSynchronousObservable.java:231) ~[rxjava-1.3.8.jar:1.3.8]
	at rx.internal.util.ScalarSynchronousObservable$3.call(ScalarSynchronousObservable.java:228) ~[rxjava-1.3.8.jar:1.3.8]
	at rx.Observable.unsafeSubscribe(Observable.java:10327) ~[rxjava-1.3.8.jar:1.3.8]
	at rx.internal.operators.OnSubscribeConcatMap$ConcatMapSubscriber.drain(OnSubscribeConcatMap.java:286) ~[rxjava-1.3.8.jar:1.3.8]
	at rx.internal.operators.OnSubscribeConcatMap$ConcatMapSubscriber.onNext(OnSubscribeConcatMap.java:144) ~[rxjava-1.3.8.jar:1.3.8]
	at com.netflix.loadbalancer.reactive.LoadBalancerCommand$1.call(LoadBalancerCommand.java:185) ~[ribbon-loadbalancer-2.3.0.jar:2.3.0]
	at com.netflix.loadbalancer.reactive.LoadBalancerCommand$1.call(LoadBalancerCommand.java:180) ~[ribbon-loadbalancer-2.3.0.jar:2.3.0]
	at rx.Observable.unsafeSubscribe(Observable.java:10327) ~[rxjava-1.3.8.jar:1.3.8]
	at rx.internal.operators.OnSubscribeConcatMap.call(OnSubscribeConcatMap.java:94) ~[rxjava-1.3.8.jar:1.3.8]
	at rx.internal.operators.OnSubscribeConcatMap.call(OnSubscribeConcatMap.java:42) ~[rxjava-1.3.8.jar:1.3.8]
	at rx.Observable.unsafeSubscribe(Observable.java:10327) ~[rxjava-1.3.8.jar:1.3.8]
	at rx.internal.operators.OperatorRetryWithPredicate$SourceSubscriber$1.call(OperatorRetryWithPredicate.java:127) ~[rxjava-1.3.8.jar:1.3.8]
	at rx.internal.schedulers.TrampolineScheduler$InnerCurrentThreadScheduler.enqueue(TrampolineScheduler.java:73) ~[rxjava-1.3.8.jar:1.3.8]
	at rx.internal.schedulers.TrampolineScheduler$InnerCurrentThreadScheduler.schedule(TrampolineScheduler.java:52) ~[rxjava-1.3.8.jar:1.3.8]
	at rx.internal.operators.OperatorRetryWithPredicate$SourceSubscriber.onNext(OperatorRetryWithPredicate.java:79) ~[rxjava-1.3.8.jar:1.3.8]
	at rx.internal.operators.OperatorRetryWithPredicate$SourceSubscriber.onNext(OperatorRetryWithPredicate.java:45) ~[rxjava-1.3.8.jar:1.3.8]
	at rx.internal.util.ScalarSynchronousObservable$WeakSingleProducer.request(ScalarSynchronousObservable.java:276) ~[rxjava-1.3.8.jar:1.3.8]
	at rx.Subscriber.setProducer(Subscriber.java:209) ~[rxjava-1.3.8.jar:1.3.8]
	at rx.internal.util.ScalarSynchronousObservable$JustOnSubscribe.call(ScalarSynchronousObservable.java:138) ~[rxjava-1.3.8.jar:1.3.8]
	at rx.internal.util.ScalarSynchronousObservable$JustOnSubscribe.call(ScalarSynchronousObservable.java:129) ~[rxjava-1.3.8.jar:1.3.8]
	at rx.internal.operators.OnSubscribeLift.call(OnSubscribeLift.java:48) ~[rxjava-1.3.8.jar:1.3.8]
	at rx.internal.operators.OnSubscribeLift.call(OnSubscribeLift.java:30) ~[rxjava-1.3.8.jar:1.3.8]
	at rx.internal.operators.OnSubscribeLift.call(OnSubscribeLift.java:48) ~[rxjava-1.3.8.jar:1.3.8]
	at rx.internal.operators.OnSubscribeLift.call(OnSubscribeLift.java:30) ~[rxjava-1.3.8.jar:1.3.8]
	at rx.internal.operators.OnSubscribeLift.call(OnSubscribeLift.java:48) ~[rxjava-1.3.8.jar:1.3.8]
	at rx.internal.operators.OnSubscribeLift.call(OnSubscribeLift.java:30) ~[rxjava-1.3.8.jar:1.3.8]
	at rx.Observable.subscribe(Observable.java:10423) ~[rxjava-1.3.8.jar:1.3.8]
	at rx.Observable.subscribe(Observable.java:10390) ~[rxjava-1.3.8.jar:1.3.8]
	at rx.observables.BlockingObservable.blockForSingle(BlockingObservable.java:443) ~[rxjava-1.3.8.jar:1.3.8]
	at rx.observables.BlockingObservable.single(BlockingObservable.java:340) ~[rxjava-1.3.8.jar:1.3.8]
	at com.netflix.client.AbstractLoadBalancerAwareClient.executeWithLoadBalancer(AbstractLoadBalancerAwareClient.java:112) ~[ribbon-loadbalancer-2.3.0.jar:2.3.0]
	at org.springframework.cloud.openfeign.ribbon.LoadBalancerFeignClient.execute(LoadBalancerFeignClient.java:83) ~[spring-cloud-openfeign-core-2.2.2.RELEASE.jar:2.2.2.RELEASE]
	at feign.SynchronousMethodHandler.executeAndDecode(SynchronousMethodHandler.java:110) ~[feign-core-10.7.4.jar:na]
	at feign.SynchronousMethodHandler.invoke(SynchronousMethodHandler.java:80) ~[feign-core-10.7.4.jar:na]
	at feign.ReflectiveFeign$FeignInvocationHandler.invoke(ReflectiveFeign.java:100) ~[feign-core-10.7.4.jar:na]
	at com.sun.proxy.$Proxy117.applyLoan(Unknown Source) ~[na:na]
	at com.aruntech.service.BankingService.applyLoan(BankingService.java:163) ~[classes/:na]
	at com.aruntech.controller.BankController.applyLoan(BankController.java:54) ~[classes/:na]
	at sun.reflect.NativeMethodAccessorImpl.invoke0(Native Method) ~[na:1.8.0_301]
	at sun.reflect.NativeMethodAccessorImpl.invoke(NativeMethodAccessorImpl.java:62) ~[na:1.8.0_301]
	at sun.reflect.DelegatingMethodAccessorImpl.invoke(DelegatingMethodAccessorImpl.java:43) ~[na:1.8.0_301]
	at java.lang.reflect.Method.invoke(Method.java:498) ~[na:1.8.0_301]
	at org.springframework.web.method.support.InvocableHandlerMethod.doInvoke(InvocableHandlerMethod.java:190) ~[spring-web-5.2.4.RELEASE.jar:5.2.4.RELEASE]
	at org.springframework.web.method.support.InvocableHandlerMethod.invokeForRequest(InvocableHandlerMethod.java:138) ~[spring-web-5.2.4.RELEASE.jar:5.2.4.RELEASE]
	at org.springframework.web.servlet.mvc.method.annotation.ServletInvocableHandlerMethod.invokeAndHandle(ServletInvocableHandlerMethod.java:106) ~[spring-webmvc-5.2.4.RELEASE.jar:5.2.4.RELEASE]
	at org.springframework.web.servlet.mvc.method.annotation.RequestMappingHandlerAdapter.invokeHandlerMethod(RequestMappingHandlerAdapter.java:879) ~[spring-webmvc-5.2.4.RELEASE.jar:5.2.4.RELEASE]
	at org.springframework.web.servlet.mvc.method.annotation.RequestMappingHandlerAdapter.handleInternal(RequestMappingHandlerAdapter.java:793) ~[spring-webmvc-5.2.4.RELEASE.jar:5.2.4.RELEASE]
	at org.springframework.web.servlet.mvc.method.AbstractHandlerMethodAdapter.handle(AbstractHandlerMethodAdapter.java:87) ~[spring-webmvc-5.2.4.RELEASE.jar:5.2.4.RELEASE]
	at org.springframework.web.servlet.DispatcherServlet.doDispatch(DispatcherServlet.java:1040) ~[spring-webmvc-5.2.4.RELEASE.jar:5.2.4.RELEASE]
	at org.springframework.web.servlet.DispatcherServlet.doService(DispatcherServlet.java:943) ~[spring-webmvc-5.2.4.RELEASE.jar:5.2.4.RELEASE]
	at org.springframework.web.servlet.FrameworkServlet.processRequest(FrameworkServlet.java:1006) ~[spring-webmvc-5.2.4.RELEASE.jar:5.2.4.RELEASE]
	at org.springframework.web.servlet.FrameworkServlet.doPost(FrameworkServlet.java:909) ~[spring-webmvc-5.2.4.RELEASE.jar:5.2.4.RELEASE]
	at javax.servlet.http.HttpServlet.service(HttpServlet.java:660) ~[tomcat-embed-core-9.0.31.jar:9.0.31]
	at org.springframework.web.servlet.FrameworkServlet.service(FrameworkServlet.java:883) ~[spring-webmvc-5.2.4.RELEASE.jar:5.2.4.RELEASE]
	at javax.servlet.http.HttpServlet.service(HttpServlet.java:741) ~[tomcat-embed-core-9.0.31.jar:9.0.31]
	at org.apache.catalina.core.ApplicationFilterChain.internalDoFilter(ApplicationFilterChain.java:231) ~[tomcat-embed-core-9.0.31.jar:9.0.31]
	at org.apache.catalina.core.ApplicationFilterChain.doFilter(ApplicationFilterChain.java:166) ~[tomcat-embed-core-9.0.31.jar:9.0.31]
	at org.apache.tomcat.websocket.server.WsFilter.doFilter(WsFilter.java:53) ~[tomcat-embed-websocket-9.0.31.jar:9.0.31]
	at org.apache.catalina.core.ApplicationFilterChain.internalDoFilter(ApplicationFilterChain.java:193) ~[tomcat-embed-core-9.0.31.jar:9.0.31]
	at org.apache.catalina.core.ApplicationFilterChain.doFilter(ApplicationFilterChain.java:166) ~[tomcat-embed-core-9.0.31.jar:9.0.31]
	at org.springframework.web.filter.RequestContextFilter.doFilterInternal(RequestContextFilter.java:100) ~[spring-web-5.2.4.RELEASE.jar:5.2.4.RELEASE]
	at org.springframework.web.filter.OncePerRequestFilter.doFilter(OncePerRequestFilter.java:119) ~[spring-web-5.2.4.RELEASE.jar:5.2.4.RELEASE]
	at org.apache.catalina.core.ApplicationFilterChain.internalDoFilter(ApplicationFilterChain.java:193) ~[tomcat-embed-core-9.0.31.jar:9.0.31]
	at org.apache.catalina.core.ApplicationFilterChain.doFilter(ApplicationFilterChain.java:166) ~[tomcat-embed-core-9.0.31.jar:9.0.31]
	at org.springframework.web.filter.FormContentFilter.doFilterInternal(FormContentFilter.java:93) ~[spring-web-5.2.4.RELEASE.jar:5.2.4.RELEASE]
	at org.springframework.web.filter.OncePerRequestFilter.doFilter(OncePerRequestFilter.java:119) ~[spring-web-5.2.4.RELEASE.jar:5.2.4.RELEASE]
	at org.apache.catalina.core.ApplicationFilterChain.internalDoFilter(ApplicationFilterChain.java:193) ~[tomcat-embed-core-9.0.31.jar:9.0.31]
	at org.apache.catalina.core.ApplicationFilterChain.doFilter(ApplicationFilterChain.java:166) ~[tomcat-embed-core-9.0.31.jar:9.0.31]
	at org.springframework.web.filter.CharacterEncodingFilter.doFilterInternal(CharacterEncodingFilter.java:201) ~[spring-web-5.2.4.RELEASE.jar:5.2.4.RELEASE]
	at org.springframework.web.filter.OncePerRequestFilter.doFilter(OncePerRequestFilter.java:119) ~[spring-web-5.2.4.RELEASE.jar:5.2.4.RELEASE]
	at org.apache.catalina.core.ApplicationFilterChain.internalDoFilter(ApplicationFilterChain.java:193) ~[tomcat-embed-core-9.0.31.jar:9.0.31]
	at org.apache.catalina.core.ApplicationFilterChain.doFilter(ApplicationFilterChain.java:166) ~[tomcat-embed-core-9.0.31.jar:9.0.31]
	at org.apache.catalina.core.StandardWrapperValve.invoke(StandardWrapperValve.java:202) ~[tomcat-embed-core-9.0.31.jar:9.0.31]
	at org.apache.catalina.core.StandardContextValve.invoke(StandardContextValve.java:96) [tomcat-embed-core-9.0.31.jar:9.0.31]
	at org.apache.catalina.authenticator.AuthenticatorBase.invoke(AuthenticatorBase.java:541) [tomcat-embed-core-9.0.31.jar:9.0.31]
	at org.apache.catalina.core.StandardHostValve.invoke(StandardHostValve.java:139) [tomcat-embed-core-9.0.31.jar:9.0.31]
	at org.apache.catalina.valves.ErrorReportValve.invoke(ErrorReportValve.java:92) [tomcat-embed-core-9.0.31.jar:9.0.31]
	at org.apache.catalina.core.StandardEngineValve.invoke(StandardEngineValve.java:74) [tomcat-embed-core-9.0.31.jar:9.0.31]
	at org.apache.catalina.connector.CoyoteAdapter.service(CoyoteAdapter.java:343) [tomcat-embed-core-9.0.31.jar:9.0.31]
	at org.apache.coyote.http11.Http11Processor.service(Http11Processor.java:367) [tomcat-embed-core-9.0.31.jar:9.0.31]
	at org.apache.coyote.AbstractProcessorLight.process(AbstractProcessorLight.java:65) [tomcat-embed-core-9.0.31.jar:9.0.31]
	at org.apache.coyote.AbstractProtocol$ConnectionHandler.process(AbstractProtocol.java:868) [tomcat-embed-core-9.0.31.jar:9.0.31]
	at org.apache.tomcat.util.net.NioEndpoint$SocketProcessor.doRun(NioEndpoint.java:1639) [tomcat-embed-core-9.0.31.jar:9.0.31]
	at org.apache.tomcat.util.net.SocketProcessorBase.run(SocketProcessorBase.java:49) [tomcat-embed-core-9.0.31.jar:9.0.31]
	at java.util.concurrent.ThreadPoolExecutor.runWorker(ThreadPoolExecutor.java:1149) [na:1.8.0_301]
	at java.util.concurrent.ThreadPoolExecutor$Worker.run(ThreadPoolExecutor.java:624) [na:1.8.0_301]
	at org.apache.tomcat.util.threads.TaskThread$WrappingRunnable.run(TaskThread.java:61) [tomcat-embed-core-9.0.31.jar:9.0.31]
	at java.lang.Thread.run(Thread.java:748) [na:1.8.0_301]

2022-10-16 22:50:09.609  INFO 62588 --- [http-nio-9003-exec-1] com.aruntech.service.LoanService         : loan-service: New loan was created with details LoanStatus{id=1, status='ACCEPTED', message='You are eligible for the loan', amount=200000.0, tenture=24}
2022-10-16 22:50:10.271  INFO 62588 --- [PollingServerListUpdater-0] c.netflix.config.ChainedDynamicProperty  : Flipping property: customer-service.ribbon.ActiveConnectionsLimit to use NEXT property: niws.loadbalancer.availabilityFilteringRule.activeConnectionsLimit = 2147483647
2022-10-16 22:50:27.589  INFO 61604 --- [http-nio-9001-exec-6] com.aruntech.service.BankingService      : banking-service: Apply for new loan with details LoanRequest{name='Arun', age=39, custId=1, accountNo=68555913, income=30000.0, employmentType=mnc, amount=200000.0, tenture=24}
2022-10-16 22:50:27.595  INFO 62588 --- [http-nio-9003-exec-2] com.aruntech.service.LoanService         : loan-service: Apply for the new loan with details LoanRequest{name='Arun', age=39, custId=1, accountNo=68555913, income=30000.0, employmentType=mnc, amount=200000.0, tenture=24}
2022-10-16 22:50:27.601  INFO 61728 --- [http-nio-9002-exec-9] com.aruntech.service.CustomerService     : customer-service: Fetch the customer with id 1
2022-10-16 22:50:27.606  INFO 61728 --- [http-nio-9002-exec-9] com.aruntech.service.CustomerService     : customer-service: Retrieved the customer with details Customer{id=1, name='Arun', accountNo=68555913, balance=2500.0, phone='xxxxxxxxxx', emailId='xxxx@gmail.com'}
2022-10-16 22:50:27.616  INFO 62588 --- [http-nio-9003-exec-2] com.aruntech.service.LoanService         : loan-service: The new loan Loan{id=3, amount=200000.0, tenture=24, customerId=1, accountNo=68555913} was added
2022-10-16 22:50:27.623  INFO 62588 --- [http-nio-9003-exec-2] com.aruntech.service.LoanService         : loan-service: New loan was created with details LoanStatus{id=3, status='ACCEPTED', message='You are eligible for the loan', amount=200000.0, tenture=24}
2022-10-16 22:50:27.633  INFO 61604 --- [http-nio-9001-exec-6] com.aruntech.service.BankingService      : banking-service: response from loan-service is LoanStatus{id=3, status='ACCEPTED', message='You are eligible for the loan', amount=200000.0, tenture=24}
2022-10-16 22:50:41.261  INFO 61604 --- [http-nio-9001-exec-8] com.aruntech.service.BankingService      : banking-service: Check the balance of the customer id 1
2022-10-16 22:50:41.267  INFO 61728 --- [http-nio-9002-exec-10] com.aruntech.service.CustomerService     : customer-service: Fetch the customer with id 1
2022-10-16 22:50:41.269  INFO 61728 --- [http-nio-9002-exec-10] com.aruntech.service.CustomerService     : customer-service: Retrieved the customer with details Customer{id=1, name='Arun', accountNo=68555913, balance=2500.0, phone='xxxxxxxxxx', emailId='xxxx@gmail.com'}
2022-10-16 22:52:27.293  INFO 61728 --- [AsyncResolver-bootstrap-executor-0] c.n.d.s.r.aws.ConfigClusterResolver      : Resolving eureka endpoints via configuration
2022-10-16 22:52:48.830  INFO 62588 --- [AsyncResolver-bootstrap-executor-0] c.n.d.s.r.aws.ConfigClusterResolver      : Resolving eureka endpoints via configuration
2022-10-16 22:53:17.036  INFO 61604 --- [AsyncResolver-bootstrap-executor-0] c.n.d.s.r.aws.ConfigClusterResolver      : Resolving eureka endpoints via configuration
2022-10-16 22:54:07.410  INFO 61604 --- [http-nio-9001-exec-3] com.aruntech.service.BankingService      : banking-service: Fetch the customer details with id 1
2022-10-16 22:54:07.415  INFO 61728 --- [http-nio-9002-exec-7] com.aruntech.service.CustomerService     : customer-service: Fetch the customer with id 1
2022-10-16 22:54:07.417  INFO 61728 --- [http-nio-9002-exec-7] com.aruntech.service.CustomerService     : customer-service: Retrieved the customer with details Customer{id=1, name='Arun', accountNo=68555913, balance=2500.0, phone='xxxxxxxxxx', emailId='xxxx@gmail.com'}
2022-10-16 22:54:07.427  INFO 62588 --- [http-nio-9003-exec-4] com.aruntech.service.LoanService         : loan-service: Get all loans for the customer id 1
2022-10-16 22:54:07.705  INFO 62588 --- [http-nio-9003-exec-4] com.aruntech.service.LoanService         : loan-service: Retrieved loan with details [Loan{id=1, amount=200000.0, tenture=24, customerId=1, accountNo=68555913}, Loan{id=3, amount=200000.0, tenture=24, customerId=1, accountNo=68555913}]
2022-10-16 22:54:07.714  INFO 61604 --- [http-nio-9001-exec-3] com.aruntech.service.BankingService      : banking-service: Fetch the customer details Customer{id=1, name='Arun', accountNo=68555913, balance=2500.0, phone='xxxxxxxxxx', emailId='xxxx@gmail.com', loanDetails=[Loan{id=1, amount=200000.0, tenture=24, customerId=1, accountNo=68555913}, Loan{id=3, amount=200000.0, tenture=24, customerId=1, accountNo=68555913}]}
2022-10-16 22:55:14.781  INFO 61604 --- [http-nio-9001-exec-4] com.aruntech.service.BankingService      : banking-service: Check the balance of the customer id 1
2022-10-16 22:55:14.788  INFO 61728 --- [http-nio-9002-exec-4] com.aruntech.service.CustomerService     : customer-service: Fetch the customer with id 1
2022-10-16 22:55:14.791  INFO 61728 --- [http-nio-9002-exec-4] com.aruntech.service.CustomerService     : customer-service: Retrieved the customer with details Customer{id=1, name='Arun', accountNo=68555913, balance=2500.0, phone='xxxxxxxxxx', emailId='xxxx@gmail.com'}
2022-10-16 22:55:14.795  INFO 61604 --- [http-nio-9001-exec-4] com.aruntech.service.BankingService      : banking-service: Response of balance: Arun your account number 68555913 has balance Rs:2500.0
2022-10-16 22:55:57.070  INFO 61728 --- [http-nio-9002-exec-5] com.aruntech.service.CustomerService     : customer-service: Fetch all customers
2022-10-16 22:55:57.304  INFO 61728 --- [http-nio-9002-exec-5] com.aruntech.service.CustomerService     : customer-service: All customers details: [Customer{id=1, name='Arun', accountNo=68555913, balance=2500.0, phone='xxxxxxxxxx', emailId='xxxx@gmail.com'}]
2022-10-16 22:56:09.652  INFO 61728 --- [http-nio-9002-exec-6] com.aruntech.service.CustomerService     : customer-service: Fetch the customer with id 1
2022-10-16 22:56:09.655  INFO 61728 --- [http-nio-9002-exec-6] com.aruntech.service.CustomerService     : customer-service: Retrieved the customer with details Customer{id=1, name='Arun', accountNo=68555913, balance=2500.0, phone='xxxxxxxxxx', emailId='xxxx@gmail.com'}
2022-10-16 22:56:25.237  INFO 61728 --- [http-nio-9002-exec-10] com.aruntech.service.CustomerService     : customer-service: Create the new customer
2022-10-16 22:56:25.241  INFO 61728 --- [http-nio-9002-exec-10] com.aruntech.service.CustomerService     : customer-service: New customer Customer{id=2, name='Andrino', accountNo=23520071, balance=2000.0, phone='xxxxxxxxxx', emailId='xxxx@gmail.com'} was created successfully
2022-10-16 22:56:51.069  INFO 61728 --- [http-nio-9002-exec-1] com.aruntech.service.CustomerService     : customer-service: Fetch all customers
2022-10-16 22:56:51.072  INFO 61728 --- [http-nio-9002-exec-1] com.aruntech.service.CustomerService     : customer-service: All customers details: [Customer{id=1, name='Arun', accountNo=68555913, balance=2500.0, phone='xxxxxxxxxx', emailId='xxxx@gmail.com'}, Customer{id=2, name='Andrino', accountNo=23520071, balance=2000.0, phone='xxxxxxxxxx', emailId='xxxx@gmail.com'}]
2022-10-16 22:57:17.044  INFO 61728 --- [http-nio-9002-exec-3] com.aruntech.service.CustomerService     : customer-service: Update the customer details with id 2
2022-10-16 22:57:17.048  INFO 61728 --- [http-nio-9002-exec-3] com.aruntech.service.CustomerService     : customer-service: The updated customer details are Customer{id=2, name='Andrino', accountNo=23520071, balance=2500.0, phone='xxxxxxxxxx', emailId='xxxx@gmail.com'}
2022-10-16 22:57:27.299  INFO 61728 --- [AsyncResolver-bootstrap-executor-0] c.n.d.s.r.aws.ConfigClusterResolver      : Resolving eureka endpoints via configuration
2022-10-16 22:57:30.382  INFO 61728 --- [http-nio-9002-exec-7] com.aruntech.service.CustomerService     : customer-service: Delete the customer with id 2
2022-10-16 22:57:30.410  INFO 61728 --- [http-nio-9002-exec-7] com.aruntech.service.CustomerService     : customer-service: The customer Customer{id=2, name='Andrino', accountNo=23520071, balance=2500.0, phone='xxxxxxxxxx', emailId='xxxx@gmail.com'} was removed successfully
2022-10-16 22:57:38.280  INFO 61728 --- [http-nio-9002-exec-8] com.aruntech.service.CustomerService     : customer-service: Fetch all customers
2022-10-16 22:57:38.283  INFO 61728 --- [http-nio-9002-exec-8] com.aruntech.service.CustomerService     : customer-service: All customers details: [Customer{id=1, name='Arun', accountNo=68555913, balance=2500.0, phone='xxxxxxxxxx', emailId='xxxx@gmail.com'}]
2022-10-16 22:57:48.838  INFO 62588 --- [AsyncResolver-bootstrap-executor-0] c.n.d.s.r.aws.ConfigClusterResolver      : Resolving eureka endpoints via configuration
2022-10-16 22:58:17.049  INFO 61604 --- [AsyncResolver-bootstrap-executor-0] c.n.d.s.r.aws.ConfigClusterResolver      : Resolving eureka endpoints via configuration
2022-10-16 22:58:19.429  INFO 62588 --- [http-nio-9003-exec-5] com.aruntech.service.LoanService         : loan-service: Fetch all loans
2022-10-16 22:58:19.447  INFO 62588 --- [http-nio-9003-exec-5] com.aruntech.service.LoanService         : loan-service: All loans with details: [Loan{id=1, amount=200000.0, tenture=24, customerId=1, accountNo=68555913}, Loan{id=3, amount=200000.0, tenture=24, customerId=1, accountNo=68555913}]
2022-10-16 22:58:59.624  INFO 62588 --- [http-nio-9003-exec-6] com.aruntech.service.LoanService         : loan-service: Fetch the loan with id 3
2022-10-16 22:58:59.638  INFO 62588 --- [http-nio-9003-exec-6] com.aruntech.service.LoanService         : loan-service: Retrieved the loan with details Loan{id=3, amount=200000.0, tenture=24, customerId=1, accountNo=68555913}
2022-10-16 23:02:27.312  INFO 61728 --- [AsyncResolver-bootstrap-executor-0] c.n.d.s.r.aws.ConfigClusterResolver      : Resolving eureka endpoints via configuration
2022-10-16 23:02:48.853  INFO 62588 --- [AsyncResolver-bootstrap-executor-0] c.n.d.s.r.aws.ConfigClusterResolver      : Resolving eureka endpoints via configuration
2022-10-16 23:03:02.791  INFO 61728 --- [http-nio-9002-exec-5] com.aruntech.service.CustomerService     : customer-service: Fetch all customers
2022-10-16 23:03:02.794  INFO 61728 --- [http-nio-9002-exec-5] com.aruntech.service.CustomerService     : customer-service: All customers details: [Customer{id=1, name='Arun', accountNo=68555913, balance=2500.0, phone='xxxxxxxxxx', emailId='xxxx@gmail.com'}]
2022-10-16 23:03:17.037  INFO 62588 --- [http-nio-9003-exec-1] com.aruntech.service.LoanService         : loan-service: Apply for the new loan with details LoanRequest{name='Arun', age=39, custId=1, accountNo=68555913, income=40000.0, employmentType=mnc, amount=250000.0, tenture=36}
2022-10-16 23:03:17.044  INFO 61728 --- [http-nio-9002-exec-6] com.aruntech.service.CustomerService     : customer-service: Fetch the customer with id 1
2022-10-16 23:03:17.046  INFO 61728 --- [http-nio-9002-exec-6] com.aruntech.service.CustomerService     : customer-service: Retrieved the customer with details Customer{id=1, name='Arun', accountNo=68555913, balance=2500.0, phone='xxxxxxxxxx', emailId='xxxx@gmail.com'}
2022-10-16 23:03:17.052  INFO 62588 --- [http-nio-9003-exec-1] com.aruntech.service.LoanService         : loan-service: The new loan Loan{id=5, amount=250000.0, tenture=36, customerId=1, accountNo=68555913} was added
2022-10-16 23:03:17.058  INFO 62588 --- [http-nio-9003-exec-1] com.aruntech.service.LoanService         : loan-service: New loan was created with details LoanStatus{id=5, status='ACCEPTED', message='You are eligible for the loan', amount=250000.0, tenture=36}
2022-10-16 23:03:17.061  INFO 61604 --- [AsyncResolver-bootstrap-executor-0] c.n.d.s.r.aws.ConfigClusterResolver      : Resolving eureka endpoints via configuration
2022-10-16 23:07:27.328  INFO 61728 --- [AsyncResolver-bootstrap-executor-0] c.n.d.s.r.aws.ConfigClusterResolver      : Resolving eureka endpoints via configuration
2022-10-16 23:07:48.864  INFO 62588 --- [AsyncResolver-bootstrap-executor-0] c.n.d.s.r.aws.ConfigClusterResolver      : Resolving eureka endpoints via configuration
2022-10-16 23:08:17.071  INFO 61604 --- [AsyncResolver-bootstrap-executor-0] c.n.d.s.r.aws.ConfigClusterResolver      : Resolving eureka endpoints via configuration
2022-10-16 23:10:16.461  WARN 62588 --- [http-nio-9003-exec-4] .w.s.m.s.DefaultHandlerExceptionResolver : Resolved [org.springframework.web.HttpRequestMethodNotSupportedException: Request method 'POST' not supported]
2022-10-16 23:10:23.868  INFO 62588 --- [http-nio-9003-exec-7] com.aruntech.service.LoanService         : loan-service: Update the loan details with id 1
2022-10-16 23:10:23.872  INFO 62588 --- [http-nio-9003-exec-7] com.aruntech.service.LoanService         : loan-service: The updated loan details are Loan{id=7, amount=250000.0, tenture=36, customerId=1, accountNo=68555913}
2022-10-16 23:12:27.340  INFO 61728 --- [AsyncResolver-bootstrap-executor-0] c.n.d.s.r.aws.ConfigClusterResolver      : Resolving eureka endpoints via configuration
2022-10-16 23:12:48.874  INFO 62588 --- [AsyncResolver-bootstrap-executor-0] c.n.d.s.r.aws.ConfigClusterResolver      : Resolving eureka endpoints via configuration
2022-10-16 23:13:17.086  INFO 61604 --- [AsyncResolver-bootstrap-executor-0] c.n.d.s.r.aws.ConfigClusterResolver      : Resolving eureka endpoints via configuration
2022-10-16 23:17:27.344  INFO 61728 --- [AsyncResolver-bootstrap-executor-0] c.n.d.s.r.aws.ConfigClusterResolver      : Resolving eureka endpoints via configuration
2022-10-16 23:17:48.879  INFO 62588 --- [AsyncResolver-bootstrap-executor-0] c.n.d.s.r.aws.ConfigClusterResolver      : Resolving eureka endpoints via configuration
2022-10-16 23:18:03.400  INFO 62588 --- [Thread-10] c.n.l.PollingServerListUpdater           : Shutting down the Executor Pool for PollingServerListUpdater
2022-10-16 23:18:03.407  INFO 62588 --- [SpringContextShutdownHook] o.s.c.n.e.s.EurekaServiceRegistry        : Unregistering application LOAN-SERVICE with eureka with status DOWN
2022-10-16 23:18:03.408  WARN 62588 --- [SpringContextShutdownHook] com.netflix.discovery.DiscoveryClient    : Saw local status change event StatusChangeEvent [timestamp=1665942483408, current=DOWN, previous=UP]
2022-10-16 23:18:03.410  INFO 62588 --- [DiscoveryClient-InstanceInfoReplicator-0] com.netflix.discovery.DiscoveryClient    : DiscoveryClient_LOAN-SERVICE/DESKTOP-29U9NHN:loan-service:9003: registering service...
2022-10-16 23:18:03.430  INFO 62588 --- [SpringContextShutdownHook] o.s.s.concurrent.ThreadPoolTaskExecutor  : Shutting down ExecutorService 'applicationTaskExecutor'
2022-10-16 23:18:03.431  INFO 62588 --- [DiscoveryClient-InstanceInfoReplicator-0] com.netflix.discovery.DiscoveryClient    : DiscoveryClient_LOAN-SERVICE/DESKTOP-29U9NHN:loan-service:9003 - registration status: 204
2022-10-16 23:18:03.443  INFO 62588 --- [SpringContextShutdownHook] c.n.u.concurrent.ShutdownEnabledTimer    : Shutdown hook removed for: NFLoadBalancer-PingTimer-customer-service
2022-10-16 23:18:03.451  INFO 62588 --- [SpringContextShutdownHook] c.n.u.concurrent.ShutdownEnabledTimer    : Exception caught (might be ok if at shutdown)

java.lang.IllegalStateException: Shutdown in progress
	at java.lang.ApplicationShutdownHooks.remove(ApplicationShutdownHooks.java:82) ~[na:1.8.0_301]
	at java.lang.Runtime.removeShutdownHook(Runtime.java:239) ~[na:1.8.0_301]
	at com.netflix.util.concurrent.ShutdownEnabledTimer.cancel(ShutdownEnabledTimer.java:70) ~[netflix-commons-util-0.3.0.jar:0.3.0]
	at com.netflix.loadbalancer.BaseLoadBalancer.cancelPingTask(BaseLoadBalancer.java:632) [ribbon-loadbalancer-2.3.0.jar:2.3.0]
	at com.netflix.loadbalancer.BaseLoadBalancer.shutdown(BaseLoadBalancer.java:883) [ribbon-loadbalancer-2.3.0.jar:2.3.0]
	at com.netflix.loadbalancer.DynamicServerListLoadBalancer.shutdown(DynamicServerListLoadBalancer.java:285) [ribbon-loadbalancer-2.3.0.jar:2.3.0]
	at sun.reflect.NativeMethodAccessorImpl.invoke0(Native Method) ~[na:1.8.0_301]
	at sun.reflect.NativeMethodAccessorImpl.invoke(NativeMethodAccessorImpl.java:62) ~[na:1.8.0_301]
	at sun.reflect.DelegatingMethodAccessorImpl.invoke(DelegatingMethodAccessorImpl.java:43) ~[na:1.8.0_301]
	at java.lang.reflect.Method.invoke(Method.java:498) ~[na:1.8.0_301]
	at org.springframework.beans.factory.support.DisposableBeanAdapter.invokeCustomDestroyMethod(DisposableBeanAdapter.java:339) [spring-beans-5.2.4.RELEASE.jar:5.2.4.RELEASE]
	at org.springframework.beans.factory.support.DisposableBeanAdapter.destroy(DisposableBeanAdapter.java:273) [spring-beans-5.2.4.RELEASE.jar:5.2.4.RELEASE]
	at org.springframework.beans.factory.support.DefaultSingletonBeanRegistry.destroyBean(DefaultSingletonBeanRegistry.java:571) [spring-beans-5.2.4.RELEASE.jar:5.2.4.RELEASE]
	at org.springframework.beans.factory.support.DefaultSingletonBeanRegistry.destroySingleton(DefaultSingletonBeanRegistry.java:543) [spring-beans-5.2.4.RELEASE.jar:5.2.4.RELEASE]
	at org.springframework.beans.factory.support.DefaultListableBeanFactory.destroySingleton(DefaultListableBeanFactory.java:1072) [spring-beans-5.2.4.RELEASE.jar:5.2.4.RELEASE]
	at org.springframework.beans.factory.support.DefaultSingletonBeanRegistry.destroySingletons(DefaultSingletonBeanRegistry.java:504) [spring-beans-5.2.4.RELEASE.jar:5.2.4.RELEASE]
	at org.springframework.beans.factory.support.DefaultListableBeanFactory.destroySingletons(DefaultListableBeanFactory.java:1065) [spring-beans-5.2.4.RELEASE.jar:5.2.4.RELEASE]
	at org.springframework.context.support.AbstractApplicationContext.destroyBeans(AbstractApplicationContext.java:1060) [spring-context-5.2.4.RELEASE.jar:5.2.4.RELEASE]
	at org.springframework.context.support.AbstractApplicationContext.doClose(AbstractApplicationContext.java:1029) [spring-context-5.2.4.RELEASE.jar:5.2.4.RELEASE]
	at org.springframework.context.support.AbstractApplicationContext.close(AbstractApplicationContext.java:978) [spring-context-5.2.4.RELEASE.jar:5.2.4.RELEASE]
	at org.springframework.cloud.context.named.NamedContextFactory.destroy(NamedContextFactory.java:92) [spring-cloud-context-2.2.2.RELEASE.jar:2.2.2.RELEASE]
	at org.springframework.beans.factory.support.DisposableBeanAdapter.destroy(DisposableBeanAdapter.java:258) [spring-beans-5.2.4.RELEASE.jar:5.2.4.RELEASE]
	at org.springframework.beans.factory.support.DefaultSingletonBeanRegistry.destroyBean(DefaultSingletonBeanRegistry.java:571) [spring-beans-5.2.4.RELEASE.jar:5.2.4.RELEASE]
	at org.springframework.beans.factory.support.DefaultSingletonBeanRegistry.destroySingleton(DefaultSingletonBeanRegistry.java:543) [spring-beans-5.2.4.RELEASE.jar:5.2.4.RELEASE]
	at org.springframework.beans.factory.support.DefaultListableBeanFactory.destroySingleton(DefaultListableBeanFactory.java:1072) [spring-beans-5.2.4.RELEASE.jar:5.2.4.RELEASE]
	at org.springframework.beans.factory.support.DefaultSingletonBeanRegistry.destroySingletons(DefaultSingletonBeanRegistry.java:504) [spring-beans-5.2.4.RELEASE.jar:5.2.4.RELEASE]
	at org.springframework.beans.factory.support.DefaultListableBeanFactory.destroySingletons(DefaultListableBeanFactory.java:1065) [spring-beans-5.2.4.RELEASE.jar:5.2.4.RELEASE]
	at org.springframework.context.support.AbstractApplicationContext.destroyBeans(AbstractApplicationContext.java:1060) [spring-context-5.2.4.RELEASE.jar:5.2.4.RELEASE]
	at org.springframework.context.support.AbstractApplicationContext.doClose(AbstractApplicationContext.java:1029) [spring-context-5.2.4.RELEASE.jar:5.2.4.RELEASE]
	at org.springframework.context.support.AbstractApplicationContext$1.run(AbstractApplicationContext.java:948) [spring-context-5.2.4.RELEASE.jar:5.2.4.RELEASE]

2022-10-16 23:18:03.461  INFO 62588 --- [SpringContextShutdownHook] j.LocalContainerEntityManagerFactoryBean : Closing JPA EntityManagerFactory for persistence unit 'default'
2022-10-16 23:18:03.465  INFO 62588 --- [SpringContextShutdownHook] .SchemaDropperImpl$DelayedDropActionImpl : HHH000477: Starting delayed evictData of schema as part of SessionFactory shut-down'
2022-10-16 23:18:03.632  INFO 62588 --- [SpringContextShutdownHook] com.zaxxer.hikari.HikariDataSource       : HikariPool-1 - Shutdown initiated...
2022-10-16 23:18:03.641  INFO 62588 --- [SpringContextShutdownHook] com.zaxxer.hikari.HikariDataSource       : HikariPool-1 - Shutdown completed.
2022-10-16 23:18:03.643  INFO 62588 --- [SpringContextShutdownHook] com.netflix.discovery.DiscoveryClient    : Shutting down DiscoveryClient ...
2022-10-16 23:18:06.659  INFO 62588 --- [SpringContextShutdownHook] com.netflix.discovery.DiscoveryClient    : Unregistering ...
2022-10-16 23:18:06.688  INFO 62588 --- [SpringContextShutdownHook] com.netflix.discovery.DiscoveryClient    : DiscoveryClient_LOAN-SERVICE/DESKTOP-29U9NHN:loan-service:9003 - deregister  status: 200
2022-10-16 23:18:06.728  INFO 62588 --- [SpringContextShutdownHook] com.netflix.discovery.DiscoveryClient    : Completed shut down of DiscoveryClient
2022-10-16 23:18:17.100  INFO 61604 --- [AsyncResolver-bootstrap-executor-0] c.n.d.s.r.aws.ConfigClusterResolver      : Resolving eureka endpoints via configuration
2022-10-16 23:18:49.639  INFO 62600 --- [main] com.aruntech.LoanServiceApplication      : No active profile set, falling back to default profiles: default
2022-10-16 23:18:50.739  INFO 62600 --- [main] .s.d.r.c.RepositoryConfigurationDelegate : Bootstrapping Spring Data JPA repositories in DEFAULT mode.
2022-10-16 23:18:51.133  INFO 62600 --- [main] .s.d.r.c.RepositoryConfigurationDelegate : Finished Spring Data repository scanning in 364ms. Found 2 JPA repository interfaces.
2022-10-16 23:18:51.730  INFO 62600 --- [main] o.s.cloud.context.scope.GenericScope     : BeanFactory id=94595d84-ed80-300c-8fef-1bdb379668b2
2022-10-16 23:18:51.974  INFO 62600 --- [main] trationDelegate$BeanPostProcessorChecker : Bean 'com.aruntech.service.CustomerConsumer' of type [org.springframework.cloud.openfeign.FeignClientFactoryBean] is not eligible for getting processed by all BeanPostProcessors (for example: not eligible for auto-proxying)
2022-10-16 23:18:52.881  INFO 62600 --- [main] o.s.b.w.embedded.tomcat.TomcatWebServer  : Tomcat initialized with port(s): 9003 (http)
2022-10-16 23:18:52.901  INFO 62600 --- [main] o.apache.catalina.core.StandardService   : Starting service [Tomcat]
2022-10-16 23:18:52.901  INFO 62600 --- [main] org.apache.catalina.core.StandardEngine  : Starting Servlet engine: [Apache Tomcat/9.0.31]
2022-10-16 23:18:53.628  INFO 62600 --- [main] o.a.c.c.C.[Tomcat].[localhost].[/]       : Initializing Spring embedded WebApplicationContext
2022-10-16 23:18:53.629  INFO 62600 --- [main] o.s.web.context.ContextLoader            : Root WebApplicationContext: initialization completed in 3955 ms
2022-10-16 23:18:53.701  INFO 62600 --- [main] com.zaxxer.hikari.HikariDataSource       : HikariPool-1 - Starting...
2022-10-16 23:18:54.144  INFO 62600 --- [main] com.zaxxer.hikari.HikariDataSource       : HikariPool-1 - Start completed.
2022-10-16 23:18:54.154  INFO 62600 --- [main] o.s.b.a.h2.H2ConsoleAutoConfiguration    : H2 console available at '/h2-console'. Database available at 'jdbc:h2:mem:loan'
2022-10-16 23:18:54.356  INFO 62600 --- [main] o.hibernate.jpa.internal.util.LogHelper  : HHH000204: Processing PersistenceUnitInfo [name: default]
2022-10-16 23:18:54.497  INFO 62600 --- [main] org.hibernate.Version                    : HHH000412: Hibernate ORM core version 5.4.12.Final
2022-10-16 23:18:54.757  INFO 62600 --- [main] o.hibernate.annotations.common.Version   : HCANN000001: Hibernate Commons Annotations {5.1.0.Final}
2022-10-16 23:18:54.930  INFO 62600 --- [main] org.hibernate.dialect.Dialect            : HHH000400: Using dialect: org.hibernate.dialect.H2Dialect
2022-10-16 23:18:55.740  INFO 62600 --- [main] o.h.e.t.j.p.i.JtaPlatformInitiator       : HHH000490: Using JtaPlatform implementation: [org.hibernate.engine.transaction.jta.platform.internal.NoJtaPlatform]
2022-10-16 23:18:55.747  INFO 62600 --- [main] j.LocalContainerEntityManagerFactoryBean : Initialized JPA EntityManagerFactory for persistence unit 'default'
2022-10-16 23:18:56.439  WARN 62600 --- [main] JpaBaseConfiguration$JpaWebConfiguration : spring.jpa.open-in-view is enabled by default. Therefore, database queries may be performed during view rendering. Explicitly configure spring.jpa.open-in-view to disable this warning
2022-10-16 23:18:56.611  WARN 62600 --- [main] c.n.c.sources.URLConfigurationSource     : No URLs will be polled as dynamic configuration sources.
2022-10-16 23:18:56.611  INFO 62600 --- [main] c.n.c.sources.URLConfigurationSource     : To enable URLs as dynamic configuration sources, define System property archaius.configurationSource.additionalUrls or make config.properties available on classpath.
2022-10-16 23:18:56.618  WARN 62600 --- [main] c.n.c.sources.URLConfigurationSource     : No URLs will be polled as dynamic configuration sources.
2022-10-16 23:18:56.619  INFO 62600 --- [main] c.n.c.sources.URLConfigurationSource     : To enable URLs as dynamic configuration sources, define System property archaius.configurationSource.additionalUrls or make config.properties available on classpath.
2022-10-16 23:18:56.816  INFO 62600 --- [main] o.s.s.concurrent.ThreadPoolTaskExecutor  : Initializing ExecutorService 'applicationTaskExecutor'
2022-10-16 23:18:57.506  WARN 62600 --- [main] ockingLoadBalancerClientRibbonWarnLogger : You already have RibbonLoadBalancerClient on your classpath. It will be used by default. As Spring Cloud Ribbon is in maintenance mode. We recommend switching to BlockingLoadBalancerClient instead. In order to use it, set the value of `spring.cloud.loadbalancer.ribbon.enabled` to `false` or remove spring-cloud-starter-netflix-ribbon from your project.
2022-10-16 23:18:57.568  INFO 62600 --- [main] o.s.c.n.eureka.InstanceInfoFactory       : Setting initial instance status as: STARTING
2022-10-16 23:18:57.669  INFO 62600 --- [main] com.netflix.discovery.DiscoveryClient    : Initializing Eureka in region us-east-1
2022-10-16 23:18:58.109  INFO 62600 --- [main] c.n.d.provider.DiscoveryJerseyProvider   : Using JSON encoding codec LegacyJacksonJson
2022-10-16 23:18:58.110  INFO 62600 --- [main] c.n.d.provider.DiscoveryJerseyProvider   : Using JSON decoding codec LegacyJacksonJson
2022-10-16 23:18:58.273  INFO 62600 --- [main] c.n.d.provider.DiscoveryJerseyProvider   : Using XML encoding codec XStreamXml
2022-10-16 23:18:58.274  INFO 62600 --- [main] c.n.d.provider.DiscoveryJerseyProvider   : Using XML decoding codec XStreamXml
2022-10-16 23:18:58.451  INFO 62600 --- [main] c.n.d.s.r.aws.ConfigClusterResolver      : Resolving eureka endpoints via configuration
2022-10-16 23:18:58.572  INFO 62600 --- [main] com.netflix.discovery.DiscoveryClient    : Disable delta property : false
2022-10-16 23:18:58.572  INFO 62600 --- [main] com.netflix.discovery.DiscoveryClient    : Single vip registry refresh property : null
2022-10-16 23:18:58.572  INFO 62600 --- [main] com.netflix.discovery.DiscoveryClient    : Force full registry fetch : false
2022-10-16 23:18:58.572  INFO 62600 --- [main] com.netflix.discovery.DiscoveryClient    : Application is null : false
2022-10-16 23:18:58.572  INFO 62600 --- [main] com.netflix.discovery.DiscoveryClient    : Registered Applications size is zero : true
2022-10-16 23:18:58.572  INFO 62600 --- [main] com.netflix.discovery.DiscoveryClient    : Application version is -1: true
2022-10-16 23:18:58.572  INFO 62600 --- [main] com.netflix.discovery.DiscoveryClient    : Getting all instance registry info from the eureka server
2022-10-16 23:18:58.764  INFO 62600 --- [main] com.netflix.discovery.DiscoveryClient    : The response status is 200
2022-10-16 23:18:58.766  INFO 62600 --- [main] com.netflix.discovery.DiscoveryClient    : Starting heartbeat executor: renew interval is: 30
2022-10-16 23:18:58.769  INFO 62600 --- [main] c.n.discovery.InstanceInfoReplicator     : InstanceInfoReplicator onDemand update allowed rate per min is 4
2022-10-16 23:18:58.773  INFO 62600 --- [main] com.netflix.discovery.DiscoveryClient    : Discovery Client initialized at timestamp 1665942538771 with initial instances count: 2
2022-10-16 23:18:58.775  INFO 62600 --- [main] o.s.c.n.e.s.EurekaServiceRegistry        : Registering application LOAN-SERVICE with eureka with status UP
2022-10-16 23:18:58.776  INFO 62600 --- [main] com.netflix.discovery.DiscoveryClient    : Saw local status change event StatusChangeEvent [timestamp=1665942538776, current=UP, previous=STARTING]
2022-10-16 23:18:58.779  INFO 62600 --- [DiscoveryClient-InstanceInfoReplicator-0] com.netflix.discovery.DiscoveryClient    : DiscoveryClient_LOAN-SERVICE/DESKTOP-29U9NHN:loan-service:9003: registering service...
2022-10-16 23:18:58.823  INFO 62600 --- [main] o.s.b.w.embedded.tomcat.TomcatWebServer  : Tomcat started on port(s): 9003 (http) with context path ''
2022-10-16 23:18:58.823  INFO 62600 --- [DiscoveryClient-InstanceInfoReplicator-0] com.netflix.discovery.DiscoveryClient    : DiscoveryClient_LOAN-SERVICE/DESKTOP-29U9NHN:loan-service:9003 - registration status: 204
2022-10-16 23:18:58.823  INFO 62600 --- [main] .s.c.n.e.s.EurekaAutoServiceRegistration : Updating port to 9003
2022-10-16 23:18:58.960  INFO 62600 --- [main] com.aruntech.LoanServiceApplication      : Started LoanServiceApplication in 11.261 seconds (JVM running for 12.568)
2022-10-16 23:19:10.734  INFO 62600 --- [http-nio-9003-exec-1] o.a.c.c.C.[Tomcat].[localhost].[/]       : Initializing Spring DispatcherServlet 'dispatcherServlet'
2022-10-16 23:19:10.734  INFO 62600 --- [http-nio-9003-exec-1] o.s.web.servlet.DispatcherServlet        : Initializing Servlet 'dispatcherServlet'
2022-10-16 23:19:10.744  INFO 62600 --- [http-nio-9003-exec-1] o.s.web.servlet.DispatcherServlet        : Completed initialization in 10 ms
2022-10-16 23:19:10.790  INFO 62600 --- [http-nio-9003-exec-1] com.aruntech.service.LoanService         : loan-service: Fetch all loans
2022-10-16 23:19:10.995  INFO 62600 --- [http-nio-9003-exec-1] com.aruntech.service.LoanService         : loan-service: All loans with details: []
2022-10-16 23:19:21.529  INFO 62600 --- [http-nio-9003-exec-3] com.aruntech.service.LoanService         : loan-service: Apply for the new loan with details LoanRequest{name='Arun', age=39, custId=1, accountNo=68555913, income=40000.0, employmentType=mnc, amount=250000.0, tenture=36}
2022-10-16 23:19:21.873  INFO 62600 --- [http-nio-9003-exec-3] c.netflix.config.ChainedDynamicProperty  : Flipping property: customer-service.ribbon.ActiveConnectionsLimit to use NEXT property: niws.loadbalancer.availabilityFilteringRule.activeConnectionsLimit = 2147483647
2022-10-16 23:19:21.936  INFO 62600 --- [http-nio-9003-exec-3] c.n.u.concurrent.ShutdownEnabledTimer    : Shutdown hook installed for: NFLoadBalancer-PingTimer-customer-service
2022-10-16 23:19:21.937  INFO 62600 --- [http-nio-9003-exec-3] c.netflix.loadbalancer.BaseLoadBalancer  : Client: customer-service instantiated a LoadBalancer: DynamicServerListLoadBalancer:{NFLoadBalancer:name=customer-service,current list of Servers=[],Load balancer stats=Zone stats: {},Server stats: []}ServerList:null
2022-10-16 23:19:21.946  INFO 62600 --- [http-nio-9003-exec-3] c.n.l.DynamicServerListLoadBalancer      : Using serverListUpdater PollingServerListUpdater
2022-10-16 23:19:21.990  INFO 62600 --- [http-nio-9003-exec-3] c.netflix.config.ChainedDynamicProperty  : Flipping property: customer-service.ribbon.ActiveConnectionsLimit to use NEXT property: niws.loadbalancer.availabilityFilteringRule.activeConnectionsLimit = 2147483647
2022-10-16 23:19:21.993  INFO 62600 --- [http-nio-9003-exec-3] c.n.l.DynamicServerListLoadBalancer      : DynamicServerListLoadBalancer for client customer-service initialized: DynamicServerListLoadBalancer:{NFLoadBalancer:name=customer-service,current list of Servers=[DESKTOP-29U9NHN:9002],Load balancer stats=Zone stats: {defaultzone=[Zone:defaultzone;	Instance count:1;	Active connections count: 0;	Circuit breaker tripped count: 0;	Active connections per server: 0.0;]
},Server stats: [[Server:DESKTOP-29U9NHN:9002;	Zone:defaultZone;	Total Requests:0;	Successive connection failure:0;	Total blackout seconds:0;	Last connection made:Thu Jan 01 05:30:00 IST 1970;	First connection made: Thu Jan 01 05:30:00 IST 1970;	Active Connections:0;	total failure count in last (1000) msecs:0;	average resp time:0.0;	90 percentile resp time:0.0;	95 percentile resp time:0.0;	min resp time:0.0;	max resp time:0.0;	stddev resp time:0.0]
]}ServerList:org.springframework.cloud.netflix.ribbon.eureka.DomainExtractingServerList@45fde589
2022-10-16 23:19:22.135  INFO 61728 --- [http-nio-9002-exec-1] com.aruntech.service.CustomerService     : customer-service: Fetch the customer with id 1
2022-10-16 23:19:22.147  INFO 61728 --- [http-nio-9002-exec-1] com.aruntech.service.CustomerService     : customer-service: Retrieved the customer with details Customer{id=1, name='Arun', accountNo=68555913, balance=2500.0, phone='xxxxxxxxxx', emailId='xxxx@gmail.com'}
2022-10-16 23:19:22.263  INFO 62600 --- [http-nio-9003-exec-3] com.aruntech.service.LoanService         : loan-service: The new loan Loan{id=1, amount=250000.0, tenture=36, customerId=1, accountNo=68555913} was added
2022-10-16 23:19:22.289  INFO 62600 --- [http-nio-9003-exec-3] com.aruntech.service.LoanService         : loan-service: New loan was created with details LoanStatus{id=1, status='ACCEPTED', message='You are eligible for the loan', amount=250000.0, tenture=36}
2022-10-16 23:19:22.955  INFO 62600 --- [PollingServerListUpdater-0] c.netflix.config.ChainedDynamicProperty  : Flipping property: customer-service.ribbon.ActiveConnectionsLimit to use NEXT property: niws.loadbalancer.availabilityFilteringRule.activeConnectionsLimit = 2147483647
2022-10-16 23:20:04.777  INFO 62600 --- [http-nio-9003-exec-4] com.aruntech.service.LoanService         : loan-service: Update the loan details with id 1
2022-10-16 23:20:04.797  INFO 62600 --- [http-nio-9003-exec-4] com.aruntech.service.LoanService         : loan-service: The updated loan details are Loan{id=0, amount=350000.0, tenture=48, customerId=1, accountNo=68555913}
2022-10-16 23:22:27.350  INFO 61728 --- [AsyncResolver-bootstrap-executor-0] c.n.d.s.r.aws.ConfigClusterResolver      : Resolving eureka endpoints via configuration
2022-10-16 23:22:46.608  WARN 62600 --- [http-nio-9003-exec-7] .w.s.m.s.DefaultHandlerExceptionResolver : Resolved [org.springframework.http.converter.HttpMessageNotReadableException: Invalid JSON input: Cannot deserialize value of type `com.aruntech.model.EmploymentType` from String "Other": not one of the values accepted for Enum class: [CS, MNC, PRIVATE, ARCHITECT, GOVT, CA, DOCTOR]; nested exception is com.fasterxml.jackson.databind.exc.InvalidFormatException: Cannot deserialize value of type `com.aruntech.model.EmploymentType` from String "Other": not one of the values accepted for Enum class: [CS, MNC, PRIVATE, ARCHITECT, GOVT, CA, DOCTOR]
 at [Source: (PushbackInputStream); line: 7, column: 23] (through reference chain: com.aruntech.model.LoanRequest["employmentType"])]
2022-10-16 23:23:04.599  WARN 62600 --- [http-nio-9003-exec-9] .w.s.m.s.DefaultHandlerExceptionResolver : Resolved [org.springframework.http.converter.HttpMessageNotReadableException: Invalid JSON input: Cannot deserialize value of type `com.aruntech.model.EmploymentType` from String "Doctor": not one of the values accepted for Enum class: [CS, MNC, PRIVATE, ARCHITECT, GOVT, CA, DOCTOR]; nested exception is com.fasterxml.jackson.databind.exc.InvalidFormatException: Cannot deserialize value of type `com.aruntech.model.EmploymentType` from String "Doctor": not one of the values accepted for Enum class: [CS, MNC, PRIVATE, ARCHITECT, GOVT, CA, DOCTOR]
 at [Source: (PushbackInputStream); line: 7, column: 23] (through reference chain: com.aruntech.model.LoanRequest["employmentType"])]
2022-10-16 23:23:16.328  INFO 62600 --- [http-nio-9003-exec-2] com.aruntech.service.LoanService         : loan-service: Apply for the new loan with details LoanRequest{name='Arun', age=39, custId=1, accountNo=68555913, income=20000.0, employmentType=doctor, amount=250000.0, tenture=36}
2022-10-16 23:23:16.339  INFO 61728 --- [http-nio-9002-exec-7] com.aruntech.service.CustomerService     : customer-service: Fetch the customer with id 1
2022-10-16 23:23:16.342  INFO 61728 --- [http-nio-9002-exec-7] com.aruntech.service.CustomerService     : customer-service: Retrieved the customer with details Customer{id=1, name='Arun', accountNo=68555913, balance=2500.0, phone='xxxxxxxxxx', emailId='xxxx@gmail.com'}
2022-10-16 23:23:16.349 ERROR 62600 --- [http-nio-9003-exec-2] com.aruntech.service.LoanService         : loan-service: The requested loan request was rejected
2022-10-16 23:23:17.109  INFO 61604 --- [AsyncResolver-bootstrap-executor-0] c.n.d.s.r.aws.ConfigClusterResolver      : Resolving eureka endpoints via configuration
2022-10-16 23:23:44.659  INFO 62600 --- [http-nio-9003-exec-1] com.aruntech.service.LoanService         : loan-service: Apply for the new loan with details LoanRequest{name='Arun', age=39, custId=1, accountNo=68555913, income=35000.0, employmentType=govt, amount=400000.0, tenture=48}
2022-10-16 23:23:44.667  INFO 61728 --- [http-nio-9002-exec-8] com.aruntech.service.CustomerService     : customer-service: Fetch the customer with id 1
2022-10-16 23:23:44.669  INFO 61728 --- [http-nio-9002-exec-8] com.aruntech.service.CustomerService     : customer-service: Retrieved the customer with details Customer{id=1, name='Arun', accountNo=68555913, balance=2500.0, phone='xxxxxxxxxx', emailId='xxxx@gmail.com'}
2022-10-16 23:23:44.676  INFO 62600 --- [http-nio-9003-exec-1] com.aruntech.service.LoanService         : loan-service: The new loan Loan{id=4, amount=400000.0, tenture=48, customerId=1, accountNo=68555913} was added
2022-10-16 23:23:44.681  INFO 62600 --- [http-nio-9003-exec-1] com.aruntech.service.LoanService         : loan-service: New loan was created with details LoanStatus{id=4, status='ACCEPTED', message='You are eligible for the loan', amount=400000.0, tenture=48}
2022-10-16 23:23:51.542  INFO 62600 --- [http-nio-9003-exec-3] com.aruntech.service.LoanService         : loan-service: Fetch all loans
2022-10-16 23:23:51.549  INFO 62600 --- [http-nio-9003-exec-3] com.aruntech.service.LoanService         : loan-service: All loans with details: [Loan{id=1, amount=350000.0, tenture=48, customerId=1, accountNo=68555913}, Loan{id=4, amount=400000.0, tenture=48, customerId=1, accountNo=68555913}]
2022-10-16 23:23:58.583  INFO 62600 --- [AsyncResolver-bootstrap-executor-0] c.n.d.s.r.aws.ConfigClusterResolver      : Resolving eureka endpoints via configuration
2022-10-16 23:24:23.812  INFO 62600 --- [http-nio-9003-exec-4] com.aruntech.service.LoanService         : loan-service: Remove the loan of loan id 4
2022-10-16 23:24:23.834  INFO 62600 --- [http-nio-9003-exec-4] com.aruntech.service.LoanService         : loan-service: Successfully remove the loan id 4
2022-10-16 23:24:46.903  INFO 62600 --- [http-nio-9003-exec-5] com.aruntech.service.LoanService         : loan-service: Fetch all loans
2022-10-16 23:24:46.906  INFO 62600 --- [http-nio-9003-exec-5] com.aruntech.service.LoanService         : loan-service: All loans with details: [Loan{id=1, amount=350000.0, tenture=48, customerId=1, accountNo=68555913}]
2022-10-16 23:25:48.310  INFO 62600 --- [http-nio-9003-exec-8] com.aruntech.service.LoanService         : loan-service: Fetch all loan transactions
2022-10-16 23:25:48.319  INFO 62600 --- [http-nio-9003-exec-8] com.aruntech.service.LoanService         : loan-service: Retrieved loan transaction details [LoanTransaction{loanId=2, status=ACCEPTED, message='You are eligible for the loan', amount=250000.0, tenture=36, date=16-10-2022 23:19:22}, LoanTransaction{loanId=3, status=REJECTED, message='You are not eligible for loan', amount=0.0, tenture=0, date=16-10-2022 23:23:16}, LoanTransaction{loanId=5, status=ACCEPTED, message='You are eligible for the loan', amount=400000.0, tenture=48, date=16-10-2022 23:23:44}, LoanTransaction{loanId=6, status=CLOSED, message='You have closed the loan', amount=0.0, tenture=0, date=16-10-2022 23:24:23}]
2022-10-16 23:27:27.365  INFO 61728 --- [AsyncResolver-bootstrap-executor-0] c.n.d.s.r.aws.ConfigClusterResolver      : Resolving eureka endpoints via configuration
2022-10-16 23:28:17.124  INFO 61604 --- [AsyncResolver-bootstrap-executor-0] c.n.d.s.r.aws.ConfigClusterResolver      : Resolving eureka endpoints via configuration